Log file open, 09/08/18 14:00:03
LogWindows: Failed to load 'aqProf.dll' (GetLastError=126)
LogWindows: File 'aqProf.dll' does not exist
LogWindows: Failed to load 'VtuneApi.dll' (GetLastError=126)
LogWindows: File 'VtuneApi.dll' does not exist
LogWindows: Failed to load 'VtuneApi32e.dll' (GetLastError=126)
LogWindows: File 'VtuneApi32e.dll' does not exist
LogInit: Display: Running engine for game: DocsParadise
LogPlatformFile: Not using cached read wrapper
LogTaskGraph: Started task graph with 5 named threads and 47 total threads with 3 sets of task threads.
LogStats: Stats thread started at 0.654089
LogD3D11RHI: Loaded GFSDK_Aftermath_Lib.x64.dll
LogICUInternationalization: Display: ICU TimeZone Detection - Raw Offset: -10:00, Platform Override: ''
LogPluginManager: Mounting plugin Paper2D
LogPluginManager: Mounting plugin AISupport
LogPluginManager: Mounting plugin LightPropagationVolume
LogPluginManager: Mounting plugin CLionSourceCodeAccess
LogPluginManager: Mounting plugin CodeLiteSourceCodeAccess
LogPluginManager: Mounting plugin GitSourceControl
LogPluginManager: Mounting plugin KDevelopSourceCodeAccess
LogPluginManager: Mounting plugin NullSourceCodeAccess
LogPluginManager: Mounting plugin PerforceSourceControl
LogPluginManager: Mounting plugin SubversionSourceControl
LogPluginManager: Mounting plugin UObjectPlugin
LogPluginManager: Mounting plugin VisualStudioCodeSourceCodeAccess
LogPluginManager: Mounting plugin VisualStudioSourceCodeAccess
LogPluginManager: Mounting plugin XCodeSourceCodeAccess
LogPluginManager: Mounting plugin AssetManagerEditor
LogPluginManager: Mounting plugin CryptoKeys
LogPluginManager: Mounting plugin DataValidation
LogPluginManager: Mounting plugin EditorScriptingUtilities
LogPluginManager: Mounting plugin FacialAnimation
LogPluginManager: Mounting plugin GameplayTagsEditor
LogPluginManager: Mounting plugin MacGraphicsSwitching
LogPluginManager: Mounting plugin MeshEditor
LogPluginManager: Mounting plugin MobileLauncherProfileWizard
LogPluginManager: Mounting plugin PluginBrowser
LogPluginManager: Mounting plugin SpeedTreeImporter
LogPluginManager: Mounting plugin DatasmithContent
LogPluginManager: Mounting plugin AlembicImporter
LogPluginManager: Mounting plugin AppleImageUtils
LogPluginManager: Mounting plugin AppleVision
LogPluginManager: Mounting plugin BackChannel
LogPluginManager: Mounting plugin CharacterAI
LogPluginManager: Mounting plugin GeometryCache
LogPluginManager: Mounting plugin HTML5Networking
LogPluginManager: Mounting plugin ProxyLODPlugin
LogPluginManager: Mounting plugin MagicLeap
LogPluginManager: Mounting plugin MagicLeapEmulator
LogPluginManager: Mounting plugin MagicLeapMedia
LogPluginManager: Mounting plugin LowEntryExtStdLib
LogPluginManager: Mounting plugin Substance
LogPluginManager: Mounting plugin AndroidMedia
LogPluginManager: Mounting plugin AvfMedia
LogPluginManager: Mounting plugin ImgMedia
LogPluginManager: Mounting plugin LinearTimecode
LogPluginManager: Mounting plugin MediaCompositing
LogPluginManager: Mounting plugin MediaPlayerEditor
LogPluginManager: Mounting plugin WmfMedia
LogPluginManager: Mounting plugin TcpMessaging
LogPluginManager: Mounting plugin UdpMessaging
LogPluginManager: Mounting plugin ActorSequence
LogPluginManager: Mounting plugin LevelSequenceEditor
LogPluginManager: Mounting plugin MatineeToLevelSequence
LogPluginManager: Mounting plugin NetcodeUnitTest
LogPluginManager: Mounting plugin NUTUnrealEngine4
LogPluginManager: Mounting plugin OnlineSubsystemGooglePlay
LogPluginManager: Mounting plugin OnlineSubsystemIOS
LogPluginManager: Mounting plugin OnlineSubsystem
LogPluginManager: Mounting plugin OnlineSubsystemNull
LogPluginManager: Mounting plugin OnlineSubsystemUtils
LogPluginManager: Mounting plugin LauncherChunkInstaller
LogPluginManager: Mounting plugin AndroidDeviceProfileSelector
LogPluginManager: Mounting plugin AndroidMoviePlayer
LogPluginManager: Mounting plugin AndroidPermission
LogPluginManager: Mounting plugin ApexDestruction
LogPluginManager: Mounting plugin AppleMoviePlayer
LogPluginManager: Mounting plugin ArchVisCharacter
LogPluginManager: Mounting plugin AudioCapture
LogPluginManager: Mounting plugin CableComponent
LogPluginManager: Mounting plugin CustomMeshComponent
LogPluginManager: Mounting plugin EditableMesh
LogPluginManager: Mounting plugin ExampleDeviceProfileSelector
LogPluginManager: Mounting plugin GoogleCloudMessaging
LogPluginManager: Mounting plugin ImmediatePhysics
LogPluginManager: Mounting plugin IOSDeviceProfileSelector
LogPluginManager: Mounting plugin LinuxDeviceProfileSelector
LogPluginManager: Mounting plugin LocationServicesBPLibrary
LogPluginManager: Mounting plugin MobilePatchingUtils
LogPluginManager: Mounting plugin OculusVR
LogPluginManager: Plugin shader directory ../../../Engine/Plugins/Runtime/Oculus/OculusVR/Shaders found
LogPluginManager: Mapping shader source directory ../../../Engine/Plugins/Runtime/Oculus/OculusVR/Shaders to virtual directory /Plugin/OculusVR
LogPluginManager: Mounting plugin PhysXVehicles
LogPluginManager: Mounting plugin ProceduralMeshComponent
LogPluginManager: Mounting plugin RuntimePhysXCooking
LogPluginManager: Mounting plugin SteamVR
LogPluginManager: Mounting plugin WindowsMoviePlayer
LogPluginManager: Mounting plugin DatasmithCADImporter
LogPluginManager: Mounting plugin DatasmithFBXImporter
LogPluginManager: Mounting plugin DatasmithImporter
LogPluginManager: Mounting plugin DatasmithMDLImporter
LogPluginManager: Mounting plugin StaticMeshEditorExtension
LogStreaming: Display: Took  0.276s to configure plugins.
LogInit: Using libcurl 7.55.1-DEV
LogInit:  - built for x86_64-pc-win32
LogInit:  - supports SSL with OpenSSL/1.0.2h
LogInit:  - supports HTTP deflate (compression) using libz 1.2.8
LogInit:  - other features:
LogInit:      CURL_VERSION_SSL
LogInit:      CURL_VERSION_LIBZ
LogInit:      CURL_VERSION_IPV6
LogInit:      CURL_VERSION_ASYNCHDNS
LogInit:      CURL_VERSION_LARGEFILE
LogInit:      CURL_VERSION_IDN
LogInit:  CurlRequestOptions (configurable via config and command line):
LogInit:  - bVerifyPeer = false  - Libcurl will NOT verify peer certificate
LogInit:  - bUseHttpProxy = false  - Libcurl will NOT use HTTP proxy
LogInit:  - bDontReuseConnections = false  - Libcurl will reuse connections
LogInit:  - CertBundlePath = nullptr  - Libcurl will use whatever was configured at build time.
LogInit:  - MaxHostConnections = 16  - Libcurl will limit the number of connections to a host
LogInit:  - LocalHostAddr = Default
LogInit:  - BufferSize = 65536
LogInit: WinSock: version 1.1 (2.2), MaxSocks=32767, MaxUdp=65467
LogInit: Build: ++UE4+Release-4.20-CL-4302132
LogInit: Engine Version: 4.20.2-4302132+++UE4+Release-4.20
LogInit: Compatible Engine Version: 4.20.0-4212847+++UE4+Release-4.20
LogInit: Net CL: 4212847
LogInit: OS: Windows 10 (), CPU: Intel(R) Core(TM) i7-5960X CPU @ 3.00GHz, GPU: NVIDIA GeForce GTX 1080
LogInit: Compiled (64-bit): Aug 21 2018 02:06:06
LogInit: Compiled with Visual C++: 19.13.26129.00
LogInit: Build Configuration: Development
LogInit: Branch Name: ++UE4+Release-4.20
LogInit: Command Line:  
LogInit: Base Directory: C:/Program Files/Epic Games/UE_4.20/Engine/Binaries/Win64/
LogInit: Installed Engine Build: 1
LogDevObjectVersion: Number of dev versions registered: 20
LogDevObjectVersion:   Dev-Blueprints (B0D832E4-1F89-4F0D-ACCF-7EB736FD4AA2): 10
LogDevObjectVersion:   Dev-Build (E1C64328-A22C-4D53-A36C-8E866417BD8C): 0
LogDevObjectVersion:   Dev-Core (375EC13C-06E4-48FB-B500-84F0262A717E): 2
LogDevObjectVersion:   Dev-Editor (E4B068ED-F494-42E9-A231-DA0B2E46BB41): 24
LogDevObjectVersion:   Dev-Framework (CFFC743F-43B0-4480-9391-14DF171D2073): 34
LogDevObjectVersion:   Dev-Mobile (B02B49B5-BB20-44E9-A304-32B752E40360): 2
LogDevObjectVersion:   Dev-Networking (A4E4105C-59A1-49B5-A7C5-40C4547EDFEE): 0
LogDevObjectVersion:   Dev-Online (39C831C9-5AE6-47DC-9A44-9C173E1C8E7C): 0
LogDevObjectVersion:   Dev-Physics (78F01B33-EBEA-4F98-B9B4-84EACCB95AA2): 0
LogDevObjectVersion:   Dev-Platform (6631380F-2D4D-43E0-8009-CF276956A95A): 0
LogDevObjectVersion:   Dev-Rendering (12F88B9F-8875-4AFC-A67C-D90C383ABD29): 26
LogDevObjectVersion:   Dev-Sequencer (7B5AE74C-D270-4C10-A958-57980B212A5A): 9
LogDevObjectVersion:   Dev-VR (D7296918-1DD6-4BDD-9DE2-64A83CC13884): 2
LogDevObjectVersion:   Dev-LoadTimes (C2A15278-BFE7-4AFE-6C17-90FF531DF755): 1
LogDevObjectVersion:   Private-Geometry (6EACA3D4-40EC-4CC1-B786-8BED09428FC5): 3
LogDevObjectVersion:   Dev-AnimPhys (29E575DD-E0A3-4627-9D10-D276232CDCEA): 17
LogDevObjectVersion:   Dev-ReflectionCapture (6B266CEC-1EC7-4B8F-A30B-E4D90942FC07): 1
LogDevObjectVersion:   Dev-Automation (0DF73D61-A23F-47EA-B727-89E90C41499A): 1
LogDevObjectVersion:   FortniteMain (601D1886-AC64-4F84-AA16-D3DE0DEAC7D6): 12
LogDevObjectVersion:   Dev-Enterprise (9DFFBCD6-494F-0158-E221-12823C92A888): 1
LogStreaming: Display: Took  0.002s to delete old logs.
LogInit: Presizing for max 8388607 objects, including 0 objects not considered by GC, pre-allocating 0 bytes for permanent pool.
LogInit: Object subsystem initialized
[2018.09.09-00.00.04:179][  0]LogInit: Selected Device Profile: [Windows]
[2018.09.09-00.00.04:179][  0]LogInit: Applying CVar settings loaded from the selected device profile: [Windows]
[2018.09.09-00.00.04:216][  0]LogHAL: Display: Platform has ~ 16 GB [17087967232 / 17179869184 / 16], which maps to Larger [LargestMinGB=32, LargerMinGB=12, DefaultMinGB=8, SmallerMinGB=6, SmallestMinGB=0)
[2018.09.09-00.00.04:216][  0]LogInit: Setting Device Profile CVar: [[r.Vulkan.UseRealUBs:1]]
[2018.09.09-00.00.04:216][  0]LogInit: Going up to parent DeviceProfile []
[2018.09.09-00.00.04:223][  0]LogInit: Computer: DESKTOP-KEAN65B
[2018.09.09-00.00.04:223][  0]LogInit: User: dscla
[2018.09.09-00.00.04:223][  0]LogInit: CPU Page size=4096, Cores=8
[2018.09.09-00.00.04:223][  0]LogInit: High frequency timer resolution =2.927994 MHz
[2018.09.09-00.00.04:223][  0]LogMemory: Memory total: Physical=15.9GB (16GB approx)
[2018.09.09-00.00.04:223][  0]LogMemory: Platform Memory Stats for Windows
[2018.09.09-00.00.04:223][  0]LogMemory: Process Physical Memory: 103.88 MB used, 103.88 MB peak
[2018.09.09-00.00.04:223][  0]LogMemory: Process Virtual Memory: 96.14 MB used, 96.14 MB peak
[2018.09.09-00.00.04:223][  0]LogMemory: Physical Memory: 11438.26 MB used,  4858.10 MB free, 16296.36 MB total
[2018.09.09-00.00.04:223][  0]LogMemory: Virtual Memory: 4683.13 MB used,  4858.10 MB free, 134217728.00 MB total
[2018.09.09-00.00.04:313][  0]LogInit: Using OS detected language (en-US).
[2018.09.09-00.00.04:313][  0]LogInit: Using OS detected locale (en-US).
[2018.09.09-00.00.04:316][  0]LogTextLocalizationManager: No specific localization for 'en-US' exists, so the 'en' localization will be used.
[2018.09.09-00.00.04:921][  0]LogStreaming: Display: Took  0.607s to InitEngineTextLocalization.
[2018.09.09-00.00.04:921][  0]LogInit: Setting process to per monitor DPI aware
[2018.09.09-00.00.05:033][  0]LogSlate: New Slate User Created.  User Index 0, Is Virtual User: 0
[2018.09.09-00.00.05:033][  0]LogSlate: Slate User Registered.  User Index 0, Is Virtual User: 0
[2018.09.09-00.00.08:156][  0]LogHMD: Failed to initialize OpenVR with code 110
[2018.09.09-00.00.08:156][  0]LogD3D11RHI: D3D11 adapters:
[2018.09.09-00.00.08:280][  0]LogD3D11RHI:    0. 'NVIDIA GeForce GTX 1080' (Feature Level 11_0)
[2018.09.09-00.00.08:280][  0]LogD3D11RHI:       8079/0/8148 MB DedicatedVideo/DedicatedSystem/SharedSystem, Outputs:2, VendorId:0x10de
[2018.09.09-00.00.08:288][  0]LogD3D11RHI:    1. 'Microsoft Basic Render Driver' (Feature Level 11_0)
[2018.09.09-00.00.08:288][  0]LogD3D11RHI:       0/0/8148 MB DedicatedVideo/DedicatedSystem/SharedSystem, Outputs:0, VendorId:0x1414
[2018.09.09-00.00.08:288][  0]LogD3D11RHI: Chosen D3D11 Adapter: 0
[2018.09.09-00.00.08:312][  0]LogD3D11RHI: Creating new Direct3DDevice
[2018.09.09-00.00.08:312][  0]LogD3D11RHI:     GPU DeviceId: 0x1b80 (for the marketing name, search the web for "GPU Device Id")
[2018.09.09-00.00.08:313][  0]LogWindows: EnumDisplayDevices:
[2018.09.09-00.00.08:313][  0]LogWindows:    0. 'NVIDIA GeForce GTX 1080' (P:0 D:1)
[2018.09.09-00.00.08:314][  0]LogWindows:    1. 'NVIDIA GeForce GTX 1080' (P:1 D:1)
[2018.09.09-00.00.08:314][  0]LogWindows:    2. 'NVIDIA GeForce GTX 1080' (P:0 D:0)
[2018.09.09-00.00.08:314][  0]LogWindows:    3. 'NVIDIA GeForce GTX 1080' (P:0 D:0)
[2018.09.09-00.00.08:315][  0]LogWindows: DebugString: FoundDriverCount:4 
[2018.09.09-00.00.08:315][  0]LogD3D11RHI:     Adapter Name: NVIDIA GeForce GTX 1080
[2018.09.09-00.00.08:315][  0]LogD3D11RHI:   Driver Version: 399.07 (internal:24.21.13.9907, unified:399.07)
[2018.09.09-00.00.08:315][  0]LogD3D11RHI:      Driver Date: 8-21-2018
[2018.09.09-00.00.08:315][  0]LogRHI: Texture pool is 5655 MB (70% of 8079 MB)
[2018.09.09-00.00.08:384][  0]LogD3D11RHI: Async texture creation enabled
[2018.09.09-00.00.08:406][  0]LogD3D11RHI: GPU Timing Frequency: 1000.000000 (Debug: 2 2)
[2018.09.09-00.00.08:503][  0]LogShaderCompilers: Guid format shader working directory is -27 characters bigger than the processId version (../../../../../../Users/dscla/Documents/GitHub/DocsParadise/DocsParadise/Intermediate/Shaders/WorkingDirectory/24992/).
[2018.09.09-00.00.08:504][  0]LogShaderCompilers: Cleaned the shader compiler working directory 'C:/Users/dscla/AppData/Local/Temp/UnrealShaderWorkingDir/9C67CFA04D03A722C7F233A0AA70CAD6/'.
[2018.09.09-00.00.09:249][  0]LogTemp: Display: Loaded TP AllDesktopTargetPlatform
[2018.09.09-00.00.09:275][  0]LogTemp: Display: Loaded TP MacClientTargetPlatform
[2018.09.09-00.00.09:303][  0]LogTemp: Display: Loaded TP MacNoEditorTargetPlatform
[2018.09.09-00.00.09:332][  0]LogTemp: Display: Loaded TP MacServerTargetPlatform
[2018.09.09-00.00.09:358][  0]LogTemp: Display: Loaded TP MacTargetPlatform
[2018.09.09-00.00.09:385][  0]LogTemp: Display: Loaded TP WindowsClientTargetPlatform
[2018.09.09-00.00.09:410][  0]LogTemp: Display: Loaded TP WindowsNoEditorTargetPlatform
[2018.09.09-00.00.09:435][  0]LogTemp: Display: Loaded TP WindowsServerTargetPlatform
[2018.09.09-00.00.09:449][  0]LogTemp: Display: Loaded TP WindowsTargetPlatform
[2018.09.09-00.00.09:597][  0]LogTemp: Display: Loaded TP AndroidTargetPlatform
[2018.09.09-00.00.09:597][  0]LogTemp: Display: Loaded TP AndroidTargetPlatform
[2018.09.09-00.00.09:597][  0]LogTemp: Display: Loaded TP AndroidTargetPlatform
[2018.09.09-00.00.09:597][  0]LogTemp: Display: Loaded TP AndroidTargetPlatform
[2018.09.09-00.00.09:597][  0]LogTemp: Display: Loaded TP AndroidTargetPlatform
[2018.09.09-00.00.09:597][  0]LogTemp: Display: Loaded TP AndroidTargetPlatform
[2018.09.09-00.00.09:597][  0]LogTemp: Display: Loaded TP AndroidTargetPlatform
[2018.09.09-00.00.09:597][  0]LogTemp: Display: Loaded TP AndroidTargetPlatform
[2018.09.09-00.00.09:597][  0]LogTemp: Display: Loaded TP AndroidTargetPlatform
[2018.09.09-00.00.09:597][  0]LogTemp: Display: Loaded TP AndroidTargetPlatform
[2018.09.09-00.00.09:597][  0]LogTemp: Display: Loaded TP AndroidTargetPlatform
[2018.09.09-00.00.09:597][  0]LogTemp: Display: Loaded TP AndroidTargetPlatform
[2018.09.09-00.00.09:597][  0]LogTemp: Display: Loaded TP AndroidTargetPlatform
[2018.09.09-00.00.09:597][  0]LogTemp: Display: Loaded TP AndroidTargetPlatform
[2018.09.09-00.00.09:597][  0]LogTemp: Display: Loaded TP AndroidTargetPlatform
[2018.09.09-00.00.09:597][  0]LogTemp: Display: Loaded TP AndroidTargetPlatform
[2018.09.09-00.00.09:597][  0]LogTemp: Display: Loaded TP AndroidTargetPlatform
[2018.09.09-00.00.09:597][  0]LogTemp: Display: Loaded TP AndroidTargetPlatform
[2018.09.09-00.00.09:600][  0]LogTemp: Display: Loaded TP HTML5TargetPlatform
[2018.09.09-00.00.09:694][  0]LogTemp: Display: Loaded TP IOSTargetPlatform
[2018.09.09-00.00.09:694][  0]LogTemp: Display: Loaded TP IOSTargetPlatform
[2018.09.09-00.00.09:734][  0]LogTemp: Display: Loaded TP TVOSTargetPlatform
[2018.09.09-00.00.09:734][  0]LogTemp: Display: Loaded TP TVOSTargetPlatform
[2018.09.09-00.00.09:756][  0]LogTemp: Display: Loaded TP LinuxClientTargetPlatform
[2018.09.09-00.00.09:778][  0]LogTemp: Display: Loaded TP LinuxNoEditorTargetPlatform
[2018.09.09-00.00.09:801][  0]LogTemp: Display: Loaded TP LinuxServerTargetPlatform
[2018.09.09-00.00.09:835][  0]LogTemp: Display: Loaded TP LinuxTargetPlatform
[2018.09.09-00.00.09:850][  0]LogTemp: Display: Loaded TP LuminTargetPlatform
[2018.09.09-00.00.09:850][  0]LogTargetPlatformManager: Display: Building Assets For Windows
[2018.09.09-00.00.10:007][  0]LogXGEController: Cleaning working directory: C:/Users/dscla/AppData/Local/Temp/UnrealXGEWorkingDir/
[2018.09.09-00.00.10:007][  0]LogXGEController: Cannot use XGE Controller as Incredibuild is not installed on this machine.
[2018.09.09-00.00.10:007][  0]LogShaderCompilers: Cannot use XGE Shader Compiler as Incredibuild is not installed on this machine.
[2018.09.09-00.00.10:007][  0]LogShaderCompilers: Display: Using Local Shader Compiler.
[2018.09.09-00.00.12:916][  0]LogDerivedDataCache: Display: Max Cache Size: 512 MB
[2018.09.09-00.00.13:224][  0]LogDerivedDataCache: Loaded boot cache 0.31s 72MB C:/Users/dscla/AppData/Local/UnrealEngine/4.20/DerivedDataCache/Boot.ddc.
[2018.09.09-00.00.13:224][  0]LogDerivedDataCache: Display: Loaded Boot cache: C:/Users/dscla/AppData/Local/UnrealEngine/4.20/DerivedDataCache/Boot.ddc
[2018.09.09-00.00.13:224][  0]LogDerivedDataCache: FDerivedDataBackendGraph:  Pak pak cache file ../../../../../../Users/dscla/Documents/GitHub/DocsParadise/DocsParadise/DerivedDataCache/DDC.ddp not found, will not use a pak cache.
[2018.09.09-00.00.13:224][  0]LogDerivedDataCache: Unable to find inner node Pak for hierarchical cache Hierarchy.
[2018.09.09-00.00.13:224][  0]LogDerivedDataCache: FDerivedDataBackendGraph:  CompressedPak pak cache file ../../../../../../Users/dscla/Documents/GitHub/DocsParadise/DocsParadise/DerivedDataCache/Compressed.ddp not found, will not use a pak cache.
[2018.09.09-00.00.13:224][  0]LogDerivedDataCache: Unable to find inner node CompressedPak for hierarchical cache Hierarchy.
[2018.09.09-00.00.13:244][  0]LogDerivedDataCache: Display: Pak cache opened for reading ../../../Engine/DerivedDataCache/Compressed.ddp.
[2018.09.09-00.00.13:257][  0]LogDerivedDataCache: Using Local data cache path C:/Users/dscla/AppData/Local/UnrealEngine/Common/DerivedDataCache: Writable
[2018.09.09-00.00.13:257][  0]LogDerivedDataCache: Shared data cache path not found in *engine.ini, will not use an Shared cache.
[2018.09.09-00.00.13:257][  0]LogDerivedDataCache: Unable to find inner node Shared for hierarchical cache Hierarchy.
[2018.09.09-00.00.13:289][  0]LogMaterial: Verifying Global Shaders for PCD3D_SM5
[2018.09.09-00.00.13:290][  0]LogSlate: Using FreeType 2.6.0
[2018.09.09-00.00.13:312][  0]LogSlate: SlateFontServices - WITH_FREETYPE: 1, WITH_HARFBUZZ: 1
[2018.09.09-00.00.13:632][  0]LogAssetRegistry: FAssetRegistry took 0.0305 seconds to start up
[2018.09.09-00.00.14:192][  0]LogInit: Selected Device Profile: [Windows]
[2018.09.09-00.00.14:420][  0]LogSimplygon: Simplygon DLL not present - disabling.
[2018.09.09-00.00.14:435][  0]LogMeshReduction: Using SimplygonSwarm for distributed automatic mesh merging
[2018.09.09-00.00.14:436][  0]LogMeshReduction: Using ProxyLODMeshReduction for automatic mesh merging
[2018.09.09-00.00.14:436][  0]LogMeshReduction: Using QuadricMeshReduction for automatic static mesh reduction
[2018.09.09-00.00.14:436][  0]LogMeshReduction: No automatic skeletal mesh reduction module available
[2018.09.09-00.00.14:630][  0]LogNetVersion: DocsParadise 1.0.0, NetCL: 4212847, EngineNetVer: 5, GameNetVer: 0 (Checksum: 2095996379)
[2018.09.09-00.00.16:441][  0]LogPackageLocalizationCache: Processed 14 localized package path(s) for 2 prioritized culture(s) in 0.268555 seconds
[2018.09.09-00.00.16:451][  0]LogUObjectArray: 38425 objects as part of root set at end of initial load.
[2018.09.09-00.00.16:451][  0]LogUObjectAllocator: 6690872 out of 0 bytes used by permanent object pool.
[2018.09.09-00.00.16:451][  0]LogUObjectArray: CloseDisregardForGC: 0/0 objects in disregard for GC pool
[2018.09.09-00.00.20:990][  0]LogSubstanceCoreModule: Substance [CPU] Engine Loaded, Max Texture Size = 2048
[2018.09.09-00.00.21:003][  0]LogTcpMessaging: Initializing TcpMessaging bridge
[2018.09.09-00.00.21:018][  0]LogUdpMessaging: Initializing bridge on interface 0.0.0.0:0 to multicast group 230.0.0.1:6666.
[2018.09.09-00.00.21:412][  0]SourceControl: Source control is disabled
[2018.09.09-00.00.21:412][  0]SourceControl: Source control is disabled
[2018.09.09-00.00.21:417][  0]SourceControl: Source control is disabled
[2018.09.09-00.00.21:419][  0]SourceControl: Source control is disabled
[2018.09.09-00.00.21:733][  0]LogAndroidPermission: UAndroidPermissionCallbackProxy::GetInstance
[2018.09.09-00.00.22:123][  0]LogOcInput: OculusInput pre-init called
[2018.09.09-00.00.25:776][  0]LogEngine: Initializing Engine...
[2018.09.09-00.00.25:778][  0]LogHMD: Failed to initialize OpenVR with code 110
[2018.09.09-00.00.25:781][  0]LogStats: UGameplayTagsManager::ConstructGameplayTagTree: ImportINI prefixes -  0.000 s
[2018.09.09-00.00.25:781][  0]LogStats: UGameplayTagsManager::ConstructGameplayTagTree: Construct from data asset -  0.000 s
[2018.09.09-00.00.25:781][  0]LogStats: UGameplayTagsManager::ConstructGameplayTagTree: ImportINI -  0.000 s
[2018.09.09-00.00.25:781][  0]LogStats: UGameplayTagsManager::ConstructGameplayTagTree: GameplayTagTreeChangedEvent.Broadcast -  0.000 s
[2018.09.09-00.00.26:340][  0]LogInit: Initializing FReadOnlyCVARCache
[2018.09.09-00.00.26:379][  0]LogAIModule: Creating AISystem for world Untitled
[2018.09.09-00.00.26:588][  0]LogInit: XAudio2 using 'Speakers (High Definition Audio Device)' : 2 channels at 48 kHz using 16 bits per sample (channel mask 0x3)
[2018.09.09-00.00.26:614][  0]LogInit: FAudioDevice initialized.
[2018.09.09-00.00.26:614][  0]LogNetVersion: Set ProjectVersion to 1.0.0.0. Version Checksum will be recalculated on next use.
[2018.09.09-00.00.26:730][  0]LogDerivedDataCache: Saved boot cache 0.12s 72MB C:/Users/dscla/AppData/Local/UnrealEngine/4.20/DerivedDataCache/Boot.ddc.
[2018.09.09-00.00.26:769][  0]LogInit: Texture streaming: Enabled
[2018.09.09-00.00.26:811][  0]LogEngineSessionManager: EngineSessionManager initialized
[2018.09.09-00.00.26:867][  0]LogInit: Transaction tracking system initialized
[2018.09.09-00.00.26:930][  0]BlueprintLog: New page: Editor Load
[2018.09.09-00.00.27:140][  0]LocalizationService: Localization service is disabled
[2018.09.09-00.00.27:290][  0]LogLinker: Warning: Can't find file '/Game/FirstPersonBP/FirstPersonOverview'
[2018.09.09-00.00.27:290][  0]LogLinker: Warning: Can't find file '/Game/FirstPersonBP/FirstPersonOverview'
[2018.09.09-00.00.27:290][  0]LogUObjectGlobals: Warning: Failed to find object 'Class /Game/FirstPersonBP/FirstPersonOverview.FirstPersonOverview_C'
[2018.09.09-00.00.27:934][  0]LogCook: Display: Max memory allowance for cook 16384mb min free memory 0mb
[2018.09.09-00.00.27:934][  0]LogCook: Display: Mobile HDR setting 1
[2018.09.09-00.00.27:935][  0]LogGameplayTags: Display: UGameplayTagsManager::DoneAddingNativeTags. DelegateIsBound: 0
[2018.09.09-00.00.27:935][  0]LogStats: UGameplayTagsManager::ConstructGameplayTagTree: ImportINI prefixes -  0.000 s
[2018.09.09-00.00.27:935][  0]LogStats: UGameplayTagsManager::ConstructGameplayTagTree: Construct from data asset -  0.000 s
[2018.09.09-00.00.27:935][  0]LogStats: UGameplayTagsManager::ConstructGameplayTagTree: ImportINI -  0.000 s
[2018.09.09-00.00.27:935][  0]LogStats: UGameplayTagsManager::ConstructGameplayTagTree: GameplayTagTreeChangedEvent.Broadcast -  0.000 s
[2018.09.09-00.00.28:306][  0]LogFileCache: Scanning file cache for directory 'C:/Users/dscla/Documents/GitHub/DocsParadise/DocsParadise/Content/' took 0.03s
[2018.09.09-00.00.30:399][  0]SourceControl: Source control is disabled
[2018.09.09-00.00.30:400][  0]Cmd: MAP LOAD FILE="../../../../../../Users/dscla/Documents/GitHub/DocsParadise/DocsParadise/Content/ThirdPersonBP/Maps/ThirdPersonExampleMap.umap" TEMPLATE=0 SHOWPROGRESS=1 FEATURELEVEL=3
[2018.09.09-00.00.30:401][  0]LightingResults: New page: Lighting Build
[2018.09.09-00.00.30:408][  0]MapCheck: New page: Map Check
[2018.09.09-00.00.30:408][  0]LightingResults: New page: Lighting Build
[2018.09.09-00.00.33:823][  0]LogAIModule: Creating AISystem for world ThirdPersonExampleMap
[2018.09.09-00.00.42:835][  0]LogEditorServer: Finished looking for orphan Actors (0.000 secs)
[2018.09.09-00.00.42:876][  0]Cmd: MAP CHECKDEP NOCLEARLOG
[2018.09.09-00.00.43:090][  0]MapCheck: Map check complete: 0 Error(s), 0 Warning(s), took 213.92ms to complete.
[2018.09.09-00.00.43:091][  0]LogFileHelpers: Loading map 'ThirdPersonExampleMap' took 12.691
[2018.09.09-00.00.43:300][  0]LogSlate: Updating window title bar state: overlay mode, drag disabled, window buttons hidden, title bar hidden
[2018.09.09-00.00.43:311][  0]LogSlate: Updating window title bar state: overlay mode, drag disabled, window buttons hidden, title bar hidden
[2018.09.09-00.00.43:322][  0]LogSlate: Updating window title bar state: overlay mode, drag disabled, window buttons hidden, title bar hidden
[2018.09.09-00.00.43:333][  0]LogSlate: Updating window title bar state: overlay mode, drag disabled, window buttons hidden, title bar hidden
[2018.09.09-00.00.43:361][  0]LogCollectionManager: Loaded 0 collections in 0.004674 seconds
[2018.09.09-00.00.43:417][  0]LogFileCache: Scanning file cache for directory 'C:/Users/dscla/Documents/GitHub/DocsParadise/DocsParadise/Saved/Collections/' took 0.01s
[2018.09.09-00.00.43:417][  0]LogFileCache: Scanning file cache for directory 'C:/Users/dscla/Documents/GitHub/DocsParadise/DocsParadise/Content/Developers/dscla/Collections/' took 0.01s
[2018.09.09-00.00.43:417][  0]LogFileCache: Scanning file cache for directory 'C:/Users/dscla/Documents/GitHub/DocsParadise/DocsParadise/Content/Collections/' took 0.01s
[2018.09.09-00.00.43:418][  0]LogCollectionManager: Rebuilt the GUID cache for 0 collections in 0.000001 seconds
[2018.09.09-00.00.43:433][  0]LogContentBrowser: Native class hierarchy populated in 0.0155 seconds. Added 2669 classes and 649 folders.
[2018.09.09-00.00.43:451][  0]LogContentBrowser: Native class hierarchy updated for 'WidgetCarousel' in 0.0004 seconds. Added 0 classes and 0 folders.
[2018.09.09-00.00.44:043][  0]LogContentBrowser: Native class hierarchy updated for 'AddContentDialog' in 0.0004 seconds. Added 0 classes and 0 folders.
[2018.09.09-00.00.44:055][  0]LogContentBrowser: Native class hierarchy updated for 'SceneOutliner' in 0.0004 seconds. Added 1 classes and 2 folders.
[2018.09.09-00.00.44:087][  0]LogContentBrowser: Native class hierarchy updated for 'WorldBrowser' in 0.0005 seconds. Added 2 classes and 3 folders.
[2018.09.09-00.00.44:622][  0]LogSlate: Took 0.006490 seconds to synchronously load lazily loaded font '../../../Engine/Content/Slate/Fonts/Roboto-Regular.ttf' (155K)
[2018.09.09-00.00.44:636][  0]LogSlate: Took 0.007280 seconds to synchronously load lazily loaded font '../../../Engine/Content/Slate/Fonts/Roboto-Bold.ttf' (160K)
[2018.09.09-00.00.44:649][  0]LogSlate: Took 0.007490 seconds to synchronously load lazily loaded font '../../../Engine/Content/Editor/Slate/Fonts/FontAwesome.ttf' (139K)
[2018.09.09-00.00.44:789][  0]LogRenderer: Reallocating scene render targets to support 1420x28 Format 10 NumSamples 1 (Frame:1).
[2018.09.09-00.00.45:012][  0]LogContentBrowser: Native class hierarchy updated for 'HierarchicalLODOutliner' in 0.0004 seconds. Added 0 classes and 0 folders.
[2018.09.09-00.00.45:012][  0]LogLoad: (Engine Initialization) Total time: 47.97 seconds
[2018.09.09-00.00.45:012][  0]LogLoad: (Engine Initialization) Total Blueprint compile time: 0.00 seconds
[2018.09.09-00.00.45:057][  0]LogContentStreaming: Texture pool size now 1000 MB
[2018.09.09-00.00.45:102][  1]LogSubstanceLiveLink: Warning: Unable to send data along socket, closing connection
[2018.09.09-00.00.45:147][  2]LogRenderer: Reallocating scene render targets to support 1420x128 Format 10 NumSamples 1 (Frame:1).
[2018.09.09-00.00.45:175][  2]LogAssetRegistry: Asset discovery search completed in 31.5665 seconds
[2018.09.09-00.00.45:180][  2]LogCollectionManager: Rebuilt the object cache for 0 collections in 0.000001 seconds (found 0 objects)
[2018.09.09-00.00.45:180][  2]LogCollectionManager: Fixed up redirectors for 0 collections in 0.000115 seconds (updated 0 objects)
[2018.09.09-00.00.50:590][ 19]LogSlate: FSceneViewport::OnFocusLost() reason 0
[2018.09.09-00.01.01:583][222]LogRenderer: Reallocating scene render targets to support 1420x360 Format 10 NumSamples 1 (Frame:1162).
[2018.09.09-00.01.01:645][223]LogRenderer: Reallocating scene render targets to support 1420x584 Format 10 NumSamples 1 (Frame:1164).
[2018.09.09-00.01.01:706][224]LogRenderer: Reallocating scene render targets to support 1420x648 Format 10 NumSamples 1 (Frame:1166).
[2018.09.09-00.01.01:763][225]LogRenderer: Reallocating scene render targets to support 1420x692 Format 10 NumSamples 1 (Frame:1168).
[2018.09.09-00.01.01:812][226]LogRenderer: Reallocating scene render targets to support 1420x740 Format 10 NumSamples 1 (Frame:1170).
[2018.09.09-00.01.01:864][227]LogRenderer: Reallocating scene render targets to support 1420x768 Format 10 NumSamples 1 (Frame:1172).
[2018.09.09-00.01.01:912][228]LogRenderer: Reallocating scene render targets to support 1420x784 Format 10 NumSamples 1 (Frame:1174).
[2018.09.09-00.01.01:962][229]LogRenderer: Reallocating scene render targets to support 1420x796 Format 10 NumSamples 1 (Frame:1176).
[2018.09.09-00.01.02:129][236]LogRenderer: Reallocating scene render targets to support 1420x800 Format 10 NumSamples 1 (Frame:1182).
[2018.09.09-00.01.02:244][241]LogRenderer: Reallocating scene render targets to support 1420x808 Format 10 NumSamples 1 (Frame:1186).
[2018.09.09-00.01.02:293][242]LogRenderer: Reallocating scene render targets to support 1420x820 Format 10 NumSamples 1 (Frame:1188).
[2018.09.09-00.01.02:350][243]LogRenderer: Reallocating scene render targets to support 1420x824 Format 10 NumSamples 1 (Frame:1190).
[2018.09.09-00.01.06:024][620]LogSlate: FSceneViewport::OnFocusLost() reason 0
[2018.09.09-00.01.07:317][628]LogTexture: Display: Building textures: Texture2D_2 (G8, 128X128)
[2018.09.09-00.02.13:564][164]LogSlate: FSceneViewport::OnFocusLost() reason 0
[2018.09.09-00.03.16:797][333]LogSlate: FSceneViewport::OnFocusLost() reason 0
[2018.09.09-00.03.54:831][762]LogSlate: Took 0.007307 seconds to synchronously load lazily loaded font '../../../Engine/Content/Slate/Fonts/Roboto-Light.ttf' (167K)
[2018.09.09-00.03.54:858][762]LogAssetTools: Warning: Failed to import 'G:\UnrealEngine4\Dark and Light\DarkAndLightEditor\Game\Content\DNL\BaseResource\Materials\Air\M_dust_specs_sparkling_lx.uasset'. Unknown extension 'uasset'.
[2018.09.09-00.04.26:224][ 41]LogMaterial: Display: Missing cached shader map for material Material_0, compiling. 
[2018.09.09-00.04.26:339][ 42]LogShaderCompilers: Display: Shaders left to compile 44
[2018.09.09-00.04.26:340][ 42]LogShaderCompilers: Display: Shaders left to compile 34
[2018.09.09-00.04.26:340][ 42]LogShaderCompilers: Display: Shaders left to compile 24
[2018.09.09-00.04.26:340][ 42]LogShaderCompilers: Display: Shaders left to compile 14
[2018.09.09-00.04.26:340][ 42]LogShaderCompilers: Display: Shaders left to compile 4
[2018.09.09-00.04.26:575][ 50]LogMaterial: Display: Missing cached shader map for material Material_1, compiling. 
[2018.09.09-00.04.26:603][ 50]LogShaderCompilers: Display: Shaders left to compile 44
[2018.09.09-00.04.26:603][ 50]LogShaderCompilers: Display: Shaders left to compile 34
[2018.09.09-00.04.26:603][ 50]LogShaderCompilers: Display: Shaders left to compile 24
[2018.09.09-00.04.26:603][ 50]LogShaderCompilers: Display: Shaders left to compile 14
[2018.09.09-00.04.26:603][ 50]LogShaderCompilers: Display: Shaders left to compile 4
[2018.09.09-00.04.26:655][ 51]LogMaterial: Display: Missing cached shader map for material Material_2, compiling. 
[2018.09.09-00.04.26:702][ 52]LogShaderCompilers: Display: Shaders left to compile 44
[2018.09.09-00.04.26:702][ 52]LogShaderCompilers: Display: Shaders left to compile 34
[2018.09.09-00.04.26:741][ 52]LogMaterial: Display: Missing cached shader map for material Material_3, compiling. 
[2018.09.09-00.04.26:838][ 54]LogMaterial: Display: Missing cached shader map for material Material_4, compiling. 
[2018.09.09-00.04.26:901][ 55]LogMaterial: Display: Missing cached shader map for material Material_5, compiling. 
[2018.09.09-00.04.26:981][ 56]LogMaterial: Display: Missing cached shader map for material Material_6, compiling. 
[2018.09.09-00.04.30:541][165]LogShaderCompilers: Display: Shaders left to compile 200
[2018.09.09-00.04.31:606][197]LogShaderCompilers: Display: Shaders left to compile 190
[2018.09.09-00.04.32:781][233]LogShaderCompilers: Display: Shaders left to compile 180
[2018.09.09-00.04.33:152][244]LogShaderCompilers: Display: Shaders left to compile 170
[2018.09.09-00.04.33:255][247]LogShaderCompilers: Display: Shaders left to compile 160
[2018.09.09-00.04.33:704][258]LogShaderCompilers: Display: Shaders left to compile 150
[2018.09.09-00.04.34:273][274]LogShaderCompilers: Display: Shaders left to compile 140
[2018.09.09-00.04.34:306][275]LogShaderCompilers: Display: Shaders left to compile 130
[2018.09.09-00.04.34:971][294]LogShaderCompilers: Display: Shaders left to compile 120
[2018.09.09-00.04.35:052][296]LogShaderCompilers: Display: Shaders left to compile 110
[2018.09.09-00.04.36:890][346]LogShaderCompilers: Display: Shaders left to compile 100
[2018.09.09-00.04.37:933][362]LogShaderCompilers: Display: Shaders left to compile 90
[2018.09.09-00.04.38:793][376]LogShaderCompilers: Display: Shaders left to compile 80
[2018.09.09-00.04.40:263][393]LogShaderCompilers: Display: Shaders left to compile 70
[2018.09.09-00.04.40:305][394]LogShaderCompilers: Display: Shaders left to compile 60
[2018.09.09-00.04.40:357][395]LogShaderCompilers: Display: Shaders left to compile 50
[2018.09.09-00.04.41:051][406]LogShaderCompilers: Display: Shaders left to compile 40
[2018.09.09-00.04.41:544][413]LogShaderCompilers: Display: Shaders left to compile 30
[2018.09.09-00.04.41:960][418]LogShaderCompilers: Display: Shaders left to compile 20
[2018.09.09-00.04.43:022][435]LogShaderCompilers: Display: Shaders left to compile 10
[2018.09.09-00.05.28:498][412]LogSlate: FSceneViewport::OnFocusLost() reason 2
[2018.09.09-00.06.00:995][142]LogSlate: FSceneViewport::OnFocusLost() reason 0
[2018.09.09-00.06.37:947][564]LogSlate: FSceneViewport::OnFocusLost() reason 0
[2018.09.09-00.06.45:900][221]LogSlate: FSceneViewport::OnFocusLost() reason 0
[2018.09.09-00.06.56:869][ 24]LogSlate: Window 'Substance Plugin - Entitlement Check' being destroyed
[2018.09.09-00.06.56:880][ 24]LogSubstanceSource: Loading Substance Source Database
[2018.09.09-00.06.56:901][ 24]LogSlate: FSceneViewport::OnFocusLost() reason 2
[2018.09.09-00.06.56:922][ 24]LogSlate: Took 0.006933 seconds to synchronously load lazily loaded font '../../../Engine/Plugins/Marketplace/Substance/Content/SourceFont/Gotham Book Regular.otf' (29K)
[2018.09.09-00.07.11:423][904]LogSlate: Window 'Login Error' being destroyed
[2018.09.09-00.07.11:429][904]LogSlate: FSceneViewport::OnFocusLost() reason 3
[2018.09.09-00.07.16:123][ 78]LogSubstanceSource: User Logged In Successfully
[2018.09.09-00.07.16:720][121]LogTexture: Display: Building textures: Texture2D_3 (BGRA8, 415X415)
[2018.09.09-00.07.16:759][121]LogTexture: Display: Building textures: Texture2D_4 (BGRA8, 415X415)
[2018.09.09-00.07.16:813][122]LogTexture: Display: Building textures: Texture2D_5 (BGRA8, 415X415)
[2018.09.09-00.07.16:859][122]LogTexture: Display: Building textures: Texture2D_6 (BGRA8, 415X415)
[2018.09.09-00.07.16:897][122]LogTexture: Display: Building textures: Texture2D_7 (BGRA8, 415X415)
[2018.09.09-00.07.29:779][112]LogTexture: Display: Building textures: Texture2D_8 (BGRA8, 415X415)
[2018.09.09-00.07.29:828][113]LogTexture: Display: Building textures: Texture2D_9 (BGRA8, 415X415)
[2018.09.09-00.07.29:907][116]LogTexture: Display: Building textures: Texture2D_10 (BGRA8, 415X415)
[2018.09.09-00.07.29:952][117]LogTexture: Display: Building textures: Texture2D_11 (BGRA8, 415X415)
[2018.09.09-00.07.29:986][117]LogTexture: Display: Building textures: Texture2D_12 (BGRA8, 415X415)
[2018.09.09-00.07.30:043][118]LogTexture: Display: Building textures: Texture2D_13 (BGRA8, 415X415)
[2018.09.09-00.07.30:080][118]LogTexture: Display: Building textures: Texture2D_14 (BGRA8, 415X415)
[2018.09.09-00.07.30:136][119]LogTexture: Display: Building textures: Texture2D_15 (BGRA8, 415X415)
[2018.09.09-00.07.30:171][119]LogTexture: Display: Building textures: Texture2D_16 (BGRA8, 415X415)
[2018.09.09-00.07.30:225][119]LogTexture: Display: Building textures: Texture2D_17 (BGRA8, 415X415)
[2018.09.09-00.07.30:274][119]LogTexture: Display: Building textures: Texture2D_18 (BGRA8, 415X415)
[2018.09.09-00.07.30:347][120]LogTexture: Display: Building textures: Texture2D_19 (BGRA8, 415X415)
[2018.09.09-00.07.36:890][626]LogTexture: Display: Building textures: Texture2D_20 (BGRA8, 415X415)
[2018.09.09-00.07.36:942][627]LogTexture: Display: Building textures: Texture2D_21 (BGRA8, 415X415)
[2018.09.09-00.07.36:972][627]LogTexture: Display: Building textures: Texture2D_22 (BGRA8, 415X415)
[2018.09.09-00.07.37:032][628]LogTexture: Display: Building textures: Texture2D_23 (BGRA8, 415X415)
[2018.09.09-00.07.37:062][628]LogTexture: Display: Building textures: Texture2D_24 (BGRA8, 415X415)
[2018.09.09-00.07.37:092][628]LogTexture: Display: Building textures: Texture2D_25 (BGRA8, 415X415)
[2018.09.09-00.07.37:154][629]LogTexture: Display: Building textures: Texture2D_26 (BGRA8, 415X415)
[2018.09.09-00.07.37:184][629]LogTexture: Display: Building textures: Texture2D_27 (BGRA8, 415X415)
[2018.09.09-00.07.37:215][629]LogTexture: Display: Building textures: Texture2D_28 (BGRA8, 415X415)
[2018.09.09-00.07.37:261][630]LogTexture: Display: Building textures: Texture2D_29 (BGRA8, 415X415)
[2018.09.09-00.07.37:328][632]LogTexture: Display: Building textures: Texture2D_30 (BGRA8, 415X415)
[2018.09.09-00.07.37:396][634]LogTexture: Display: Building textures: Texture2D_31 (BGRA8, 415X415)
[2018.09.09-00.07.53:463][897]LogSubstanceSource: Refresh Login Successful
[2018.09.09-00.07.55:298][ 37]LogFactory: FactoryCreateFile: SubstanceInstanceFactory with ReimportSubstanceFactory (0 0 ../../../../../../Users/dscla/Documents/GitHub/DocsParadise/DocsParadise/Substance/metal_grid_expanded.sbsar)
[2018.09.09-00.07.55:632][ 37]LogMaterial: Display: Missing cached shader map for material Expanded_Metal_Grid_MAT, compiling. 
[2018.09.09-00.07.55:668][ 37]LogShaderCompilers: Display: Shaders left to compile 45
[2018.09.09-00.07.55:668][ 37]LogShaderCompilers: Display: Shaders left to compile 35
[2018.09.09-00.07.55:668][ 37]LogShaderCompilers: Display: Shaders left to compile 25
[2018.09.09-00.07.55:668][ 37]LogShaderCompilers: Display: Shaders left to compile 15
[2018.09.09-00.07.55:668][ 37]LogShaderCompilers: Display: Shaders left to compile 5
[2018.09.09-00.07.55:736][ 37]LogSlate: FSceneViewport::OnFocusLost() reason 2
[2018.09.09-00.08.23:758][852]LogSavePackage: Moving '../../../../../../Users/dscla/Documents/GitHub/DocsParadise/DocsParadise/Saved/Expanded_Metal_Grid_INST8832BDCF4AD20ABED478449C78C9E5A2.tmp' to '../../../../../../Users/dscla/Documents/GitHub/DocsParadise/DocsParadise/Content/DEV_DC/MAT/SubstanceTex/MetalGrid/Expanded_Metal_Grid_INST.uasset'
[2018.09.09-00.08.23:812][852]LogSavePackage: Moving '../../../../../../Users/dscla/Documents/GitHub/DocsParadise/DocsParadise/Saved/Expanded_Metal_Grid_INST_basecol92B6C62E46DEFF7723BF349BF980388C.tmp' to '../../../../../../Users/dscla/Documents/GitHub/DocsParadise/DocsParadise/Content/DEV_DC/MAT/SubstanceTex/MetalGrid/Expanded_Metal_Grid_INST_basecolor.uasset'
[2018.09.09-00.08.23:852][852]LogSavePackage: Moving '../../../../../../Users/dscla/Documents/GitHub/DocsParadise/DocsParadise/Saved/Expanded_Metal_Grid_INST_metalliFE13EEF642F5E999AE0B98AA9FF565C8.tmp' to '../../../../../../Users/dscla/Documents/GitHub/DocsParadise/DocsParadise/Content/DEV_DC/MAT/SubstanceTex/MetalGrid/Expanded_Metal_Grid_INST_metallic.uasset'
[2018.09.09-00.08.23:904][852]LogSavePackage: Moving '../../../../../../Users/dscla/Documents/GitHub/DocsParadise/DocsParadise/Saved/Expanded_Metal_Grid_INST_normal138625684ADFCFBBD08D7B8915248CAC.tmp' to '../../../../../../Users/dscla/Documents/GitHub/DocsParadise/DocsParadise/Content/DEV_DC/MAT/SubstanceTex/MetalGrid/Expanded_Metal_Grid_INST_normal.uasset'
[2018.09.09-00.08.23:945][852]LogSavePackage: Moving '../../../../../../Users/dscla/Documents/GitHub/DocsParadise/DocsParadise/Saved/Expanded_Metal_Grid_INST_opacityD514DF784F220D65CC2FC4A367D355A0.tmp' to '../../../../../../Users/dscla/Documents/GitHub/DocsParadise/DocsParadise/Content/DEV_DC/MAT/SubstanceTex/MetalGrid/Expanded_Metal_Grid_INST_opacity.uasset'
[2018.09.09-00.08.23:986][852]LogSavePackage: Moving '../../../../../../Users/dscla/Documents/GitHub/DocsParadise/DocsParadise/Saved/Expanded_Metal_Grid_INST_roughne5A1F99824472447039D5BCBE45D26D96.tmp' to '../../../../../../Users/dscla/Documents/GitHub/DocsParadise/DocsParadise/Content/DEV_DC/MAT/SubstanceTex/MetalGrid/Expanded_Metal_Grid_INST_roughness.uasset'
[2018.09.09-00.08.24:023][852]LogSavePackage: Moving '../../../../../../Users/dscla/Documents/GitHub/DocsParadise/DocsParadise/Saved/Expanded_Metal_Grid_INST_specula4DDC35034400F756ED69FCB70A663A9D.tmp' to '../../../../../../Users/dscla/Documents/GitHub/DocsParadise/DocsParadise/Content/DEV_DC/MAT/SubstanceTex/MetalGrid/Expanded_Metal_Grid_INST_specular.uasset'
[2018.09.09-00.08.24:079][852]LogSavePackage: Moving '../../../../../../Users/dscla/Documents/GitHub/DocsParadise/DocsParadise/Saved/Expanded_Metal_Grid_MATEB857822479DB6FFDF3C5785AEF3B806.tmp' to '../../../../../../Users/dscla/Documents/GitHub/DocsParadise/DocsParadise/Content/DEV_DC/MAT/SubstanceTex/MetalGrid/Expanded_Metal_Grid_MAT.uasset'
[2018.09.09-00.08.24:099][852]LogSavePackage: Moving '../../../../../../Users/dscla/Documents/GitHub/DocsParadise/DocsParadise/Saved/metal_grid_expanded3F9686034607682F68C11996110A0B46.tmp' to '../../../../../../Users/dscla/Documents/GitHub/DocsParadise/DocsParadise/Content/DEV_DC/MAT/SubstanceTex/MetalGrid/metal_grid_expanded.uasset'
[2018.09.09-00.08.26:984][995]LogSubstanceSource: Refresh Login Successful
[2018.09.09-00.08.27:171][999]LogTexture: Display: Building textures: Texture2D_32 (BGRA8, 1920X1080)
[2018.09.09-00.08.27:391][  0]LogTexture: Display: Building textures: Texture2D_33 (BGRA8, 1920X1080)
[2018.09.09-00.08.28:194][ 60]LogFactory: FactoryCreateFile: SubstanceInstanceFactory with ReimportSubstanceFactory (0 0 ../../../../../../Users/dscla/Documents/GitHub/DocsParadise/DocsParadise/Substance/wood_particle_board.sbsar)
[2018.09.09-00.08.28:494][ 60]LogMaterial: Display: Missing cached shader map for material Particle_Board_MAT, compiling. 
[2018.09.09-00.08.28:518][ 60]LogShaderCompilers: Display: Shaders left to compile 22
[2018.09.09-00.08.28:518][ 60]LogShaderCompilers: Display: Shaders left to compile 12
[2018.09.09-00.08.28:518][ 60]LogShaderCompilers: Display: Shaders left to compile 2
[2018.09.09-00.08.45:420][175]LogSavePackage: Moving '../../../../../../Users/dscla/Documents/GitHub/DocsParadise/DocsParadise/Saved/Particle_Board_INSTEC61848946AC3807C329419285D01ADF.tmp' to '../../../../../../Users/dscla/Documents/GitHub/DocsParadise/DocsParadise/Content/DEV_DC/MAT/SubstanceTex/ParticalBoard/Particle_Board_INST.uasset'
[2018.09.09-00.08.45:471][175]LogSavePackage: Moving '../../../../../../Users/dscla/Documents/GitHub/DocsParadise/DocsParadise/Saved/Particle_Board_INST_ambient_occlBBE0B54F43DE2285C1C818B2F5551D50.tmp' to '../../../../../../Users/dscla/Documents/GitHub/DocsParadise/DocsParadise/Content/DEV_DC/MAT/SubstanceTex/ParticalBoard/Particle_Board_INST_ambient_occlusion.uasset'
[2018.09.09-00.08.45:517][175]LogSavePackage: Moving '../../../../../../Users/dscla/Documents/GitHub/DocsParadise/DocsParadise/Saved/Particle_Board_INST_basecolor070451B54BA3425281C79F857AED60A4.tmp' to '../../../../../../Users/dscla/Documents/GitHub/DocsParadise/DocsParadise/Content/DEV_DC/MAT/SubstanceTex/ParticalBoard/Particle_Board_INST_basecolor.uasset'
[2018.09.09-00.08.45:552][175]LogSavePackage: Moving '../../../../../../Users/dscla/Documents/GitHub/DocsParadise/DocsParadise/Saved/Particle_Board_INST_metallic1A2B3E8746C11818257AC7AE2B23C4B4.tmp' to '../../../../../../Users/dscla/Documents/GitHub/DocsParadise/DocsParadise/Content/DEV_DC/MAT/SubstanceTex/ParticalBoard/Particle_Board_INST_metallic.uasset'
[2018.09.09-00.08.45:598][175]LogSavePackage: Moving '../../../../../../Users/dscla/Documents/GitHub/DocsParadise/DocsParadise/Saved/Particle_Board_INST_normal7778974242157CF5C43F2A94EE60263A.tmp' to '../../../../../../Users/dscla/Documents/GitHub/DocsParadise/DocsParadise/Content/DEV_DC/MAT/SubstanceTex/ParticalBoard/Particle_Board_INST_normal.uasset'
[2018.09.09-00.08.45:654][175]LogSavePackage: Moving '../../../../../../Users/dscla/Documents/GitHub/DocsParadise/DocsParadise/Saved/Particle_Board_INST_roughnessDAB766004DFDA796ED9886B43B9F45A6.tmp' to '../../../../../../Users/dscla/Documents/GitHub/DocsParadise/DocsParadise/Content/DEV_DC/MAT/SubstanceTex/ParticalBoard/Particle_Board_INST_roughness.uasset'
[2018.09.09-00.08.45:690][175]LogSavePackage: Moving '../../../../../../Users/dscla/Documents/GitHub/DocsParadise/DocsParadise/Saved/Particle_Board_INST_specularACEDEEEA4DEEA59BEDA2688A2F2087FD.tmp' to '../../../../../../Users/dscla/Documents/GitHub/DocsParadise/DocsParadise/Content/DEV_DC/MAT/SubstanceTex/ParticalBoard/Particle_Board_INST_specular.uasset'
[2018.09.09-00.08.45:745][175]LogSavePackage: Moving '../../../../../../Users/dscla/Documents/GitHub/DocsParadise/DocsParadise/Saved/Particle_Board_MATAC2663674BA69E0908608D97F6536531.tmp' to '../../../../../../Users/dscla/Documents/GitHub/DocsParadise/DocsParadise/Content/DEV_DC/MAT/SubstanceTex/ParticalBoard/Particle_Board_MAT.uasset'
[2018.09.09-00.08.45:765][175]LogSavePackage: Moving '../../../../../../Users/dscla/Documents/GitHub/DocsParadise/DocsParadise/Saved/wood_particle_boardF30AF8B34C0A76D77D51269FFA0ABA47.tmp' to '../../../../../../Users/dscla/Documents/GitHub/DocsParadise/DocsParadise/Content/DEV_DC/MAT/SubstanceTex/ParticalBoard/wood_particle_board.uasset'
[2018.09.09-00.08.55:331][822]LogTexture: Display: Building textures: Texture2D_34 (BGRA8, 415X415)
[2018.09.09-00.08.55:365][822]LogTexture: Display: Building textures: Texture2D_35 (BGRA8, 415X415)
[2018.09.09-00.08.55:409][822]LogTexture: Display: Building textures: Texture2D_36 (BGRA8, 415X415)
[2018.09.09-00.08.55:472][823]LogTexture: Display: Building textures: Texture2D_37 (BGRA8, 415X415)
[2018.09.09-00.08.57:294][961]LogSubstanceSource: Refresh Login Successful
[2018.09.09-00.08.58:845][ 76]LogFactory: FactoryCreateFile: SubstanceInstanceFactory with ReimportSubstanceFactory (0 0 ../../../../../../Users/dscla/Documents/GitHub/DocsParadise/DocsParadise/Substance/wood_cedar_red.sbsar)
[2018.09.09-00.08.59:150][ 76]LogMaterial: Display: Missing cached shader map for material Cedar_Red_Wood_MAT, compiling. 
[2018.09.09-00.08.59:175][ 76]LogShaderCompilers: Display: Shaders left to compile 22
[2018.09.09-00.08.59:175][ 76]LogShaderCompilers: Display: Shaders left to compile 12
[2018.09.09-00.08.59:175][ 76]LogShaderCompilers: Display: Shaders left to compile 2
[2018.09.09-00.09.15:616][139]LogSavePackage: Moving '../../../../../../Users/dscla/Documents/GitHub/DocsParadise/DocsParadise/Saved/Cedar_Red_Wood_INST774A9DA3450614C7C3AC19B3F1DC5B03.tmp' to '../../../../../../Users/dscla/Documents/GitHub/DocsParadise/DocsParadise/Content/DEV_DC/MAT/SubstanceTex/CedarRedWood/Cedar_Red_Wood_INST.uasset'
[2018.09.09-00.09.15:663][139]LogSavePackage: Moving '../../../../../../Users/dscla/Documents/GitHub/DocsParadise/DocsParadise/Saved/Cedar_Red_Wood_INST_ambient_occl9E60F29944B2F047488879B9FFC11D5D.tmp' to '../../../../../../Users/dscla/Documents/GitHub/DocsParadise/DocsParadise/Content/DEV_DC/MAT/SubstanceTex/CedarRedWood/Cedar_Red_Wood_INST_ambient_occlusion.uasset'
[2018.09.09-00.09.15:711][139]LogSavePackage: Moving '../../../../../../Users/dscla/Documents/GitHub/DocsParadise/DocsParadise/Saved/Cedar_Red_Wood_INST_basecolorB06545134BF80CCEFF1C78954B01F677.tmp' to '../../../../../../Users/dscla/Documents/GitHub/DocsParadise/DocsParadise/Content/DEV_DC/MAT/SubstanceTex/CedarRedWood/Cedar_Red_Wood_INST_basecolor.uasset'
[2018.09.09-00.09.15:744][139]LogSavePackage: Moving '../../../../../../Users/dscla/Documents/GitHub/DocsParadise/DocsParadise/Saved/Cedar_Red_Wood_INST_metallic1DEC67984026CB91DC13D29759FCECCD.tmp' to '../../../../../../Users/dscla/Documents/GitHub/DocsParadise/DocsParadise/Content/DEV_DC/MAT/SubstanceTex/CedarRedWood/Cedar_Red_Wood_INST_metallic.uasset'
[2018.09.09-00.09.15:789][139]LogSavePackage: Moving '../../../../../../Users/dscla/Documents/GitHub/DocsParadise/DocsParadise/Saved/Cedar_Red_Wood_INST_normal68096C3F46C10033130CF09C18A78665.tmp' to '../../../../../../Users/dscla/Documents/GitHub/DocsParadise/DocsParadise/Content/DEV_DC/MAT/SubstanceTex/CedarRedWood/Cedar_Red_Wood_INST_normal.uasset'
[2018.09.09-00.09.15:835][139]LogSavePackage: Moving '../../../../../../Users/dscla/Documents/GitHub/DocsParadise/DocsParadise/Saved/Cedar_Red_Wood_INST_roughnessD577C5694598E2F533236DA00DC5337E.tmp' to '../../../../../../Users/dscla/Documents/GitHub/DocsParadise/DocsParadise/Content/DEV_DC/MAT/SubstanceTex/CedarRedWood/Cedar_Red_Wood_INST_roughness.uasset'
[2018.09.09-00.09.15:872][139]LogSavePackage: Moving '../../../../../../Users/dscla/Documents/GitHub/DocsParadise/DocsParadise/Saved/Cedar_Red_Wood_INST_specularA13E71A7445136841CFD93A3A1E24556.tmp' to '../../../../../../Users/dscla/Documents/GitHub/DocsParadise/DocsParadise/Content/DEV_DC/MAT/SubstanceTex/CedarRedWood/Cedar_Red_Wood_INST_specular.uasset'
[2018.09.09-00.09.15:927][139]LogSavePackage: Moving '../../../../../../Users/dscla/Documents/GitHub/DocsParadise/DocsParadise/Saved/Cedar_Red_Wood_MAT91D12751425939494ACF1693F13D8D7E.tmp' to '../../../../../../Users/dscla/Documents/GitHub/DocsParadise/DocsParadise/Content/DEV_DC/MAT/SubstanceTex/CedarRedWood/Cedar_Red_Wood_MAT.uasset'
[2018.09.09-00.09.15:947][139]LogSavePackage: Moving '../../../../../../Users/dscla/Documents/GitHub/DocsParadise/DocsParadise/Saved/wood_cedar_red74896B9048342A3408C0B7A24FFC1499.tmp' to '../../../../../../Users/dscla/Documents/GitHub/DocsParadise/DocsParadise/Content/DEV_DC/MAT/SubstanceTex/CedarRedWood/wood_cedar_red.uasset'
[2018.09.09-00.09.17:098][139]LogLinker: Warning: Can't find file '/Game/DEV_DC/MAT/SubstanceTex/Cedar_Red_Wood_INST'
[2018.09.09-00.09.17:098][139]LogLinker: Warning: Can't find file '/Game/DEV_DC/MAT/SubstanceTex/Cedar_Red_Wood_INST'
[2018.09.09-00.09.17:098][139]LogUObjectGlobals: Warning: Failed to find object 'Object /Game/DEV_DC/MAT/SubstanceTex/Cedar_Red_Wood_INST.Cedar_Red_Wood_INST'
[2018.09.09-00.09.18:380][230]LogTexture: Display: Building textures: Texture2D_38 (BGRA8, 415X415)
[2018.09.09-00.09.18:620][242]LogTexture: Display: Building textures: Texture2D_39 (BGRA8, 415X415)
[2018.09.09-00.09.18:667][243]LogTexture: Display: Building textures: Texture2D_40 (BGRA8, 415X415)
[2018.09.09-00.09.18:700][243]LogTexture: Display: Building textures: Texture2D_41 (BGRA8, 415X415)
[2018.09.09-00.09.20:631][387]LogSubstanceSource: Refresh Login Successful
[2018.09.09-00.09.22:127][498]LogFactory: FactoryCreateFile: SubstanceInstanceFactory with ReimportSubstanceFactory (0 0 ../../../../../../Users/dscla/Documents/GitHub/DocsParadise/DocsParadise/Substance/bricks_royal_range_combined.sbsar)
[2018.09.09-00.09.22:761][498]LogMaterial: Display: Missing cached shader map for material Royal_Range_Combined_MAT, compiling. 
[2018.09.09-00.09.22:788][498]LogShaderCompilers: Display: Shaders left to compile 22
[2018.09.09-00.09.22:788][498]LogShaderCompilers: Display: Shaders left to compile 12
[2018.09.09-00.09.22:788][498]LogShaderCompilers: Display: Shaders left to compile 2
[2018.09.09-00.09.42:131][828]LogSavePackage: Moving '../../../../../../Users/dscla/Documents/GitHub/DocsParadise/DocsParadise/Saved/bricks_royal_range_combinedF21E188840FFC5F452396C9FE73A1592.tmp' to '../../../../../../Users/dscla/Documents/GitHub/DocsParadise/DocsParadise/Content/DEV_DC/MAT/SubstanceTex/RoyalRangeBrick/bricks_royal_range_combined.uasset'
[2018.09.09-00.09.42:151][828]LogSavePackage: Moving '../../../../../../Users/dscla/Documents/GitHub/DocsParadise/DocsParadise/Saved/Royal_Range_Combined_INST062A30C94ACDB4B6E495EA929B266CE3.tmp' to '../../../../../../Users/dscla/Documents/GitHub/DocsParadise/DocsParadise/Content/DEV_DC/MAT/SubstanceTex/RoyalRangeBrick/Royal_Range_Combined_INST.uasset'
[2018.09.09-00.09.42:200][828]LogSavePackage: Moving '../../../../../../Users/dscla/Documents/GitHub/DocsParadise/DocsParadise/Saved/Royal_Range_Combined_INST_ambienA63F51E6424E7898DDE926868DF5D232.tmp' to '../../../../../../Users/dscla/Documents/GitHub/DocsParadise/DocsParadise/Content/DEV_DC/MAT/SubstanceTex/RoyalRangeBrick/Royal_Range_Combined_INST_ambientocclusion.uasset'
[2018.09.09-00.09.42:241][828]LogSavePackage: Moving '../../../../../../Users/dscla/Documents/GitHub/DocsParadise/DocsParadise/Saved/Royal_Range_Combined_INST_baseco1A392D1749A1E2A9B33552B41BE2D8CC.tmp' to '../../../../../../Users/dscla/Documents/GitHub/DocsParadise/DocsParadise/Content/DEV_DC/MAT/SubstanceTex/RoyalRangeBrick/Royal_Range_Combined_INST_basecolor.uasset'
[2018.09.09-00.09.42:278][828]LogSavePackage: Moving '../../../../../../Users/dscla/Documents/GitHub/DocsParadise/DocsParadise/Saved/Royal_Range_Combined_INST_metall22010A0344BAAA2ED01FE49F6EA24978.tmp' to '../../../../../../Users/dscla/Documents/GitHub/DocsParadise/DocsParadise/Content/DEV_DC/MAT/SubstanceTex/RoyalRangeBrick/Royal_Range_Combined_INST_metallic.uasset'
[2018.09.09-00.09.42:327][828]LogSavePackage: Moving '../../../../../../Users/dscla/Documents/GitHub/DocsParadise/DocsParadise/Saved/Royal_Range_Combined_INST_normal7C8949A5426E0D10729306B7ED482FFE.tmp' to '../../../../../../Users/dscla/Documents/GitHub/DocsParadise/DocsParadise/Content/DEV_DC/MAT/SubstanceTex/RoyalRangeBrick/Royal_Range_Combined_INST_normal.uasset'
[2018.09.09-00.09.42:470][828]LogSavePackage: Moving '../../../../../../Users/dscla/Documents/GitHub/DocsParadise/DocsParadise/Saved/Royal_Range_Combined_INST_roughn3F281E05454B5EDE6CDE6DB2BDA64CC5.tmp' to '../../../../../../Users/dscla/Documents/GitHub/DocsParadise/DocsParadise/Content/DEV_DC/MAT/SubstanceTex/RoyalRangeBrick/Royal_Range_Combined_INST_roughness.uasset'
[2018.09.09-00.09.42:509][828]LogSavePackage: Moving '../../../../../../Users/dscla/Documents/GitHub/DocsParadise/DocsParadise/Saved/Royal_Range_Combined_INST_speculD0C6199A4AC0575194A172BD7FE928CC.tmp' to '../../../../../../Users/dscla/Documents/GitHub/DocsParadise/DocsParadise/Content/DEV_DC/MAT/SubstanceTex/RoyalRangeBrick/Royal_Range_Combined_INST_specular.uasset'
[2018.09.09-00.09.42:565][828]LogSavePackage: Moving '../../../../../../Users/dscla/Documents/GitHub/DocsParadise/DocsParadise/Saved/Royal_Range_Combined_MAT15C118F6435370CDEAC588B9918FF13D.tmp' to '../../../../../../Users/dscla/Documents/GitHub/DocsParadise/DocsParadise/Content/DEV_DC/MAT/SubstanceTex/RoyalRangeBrick/Royal_Range_Combined_MAT.uasset'
[2018.09.09-00.09.48:604][208]LogSubstanceSource: Refresh Login Successful
[2018.09.09-00.09.49:182][248]LogFactory: FactoryCreateFile: SubstanceInstanceFactory with ReimportSubstanceFactory (0 0 ../../../../../../Users/dscla/Documents/GitHub/DocsParadise/DocsParadise/Substance/fabric_carpet_grey.sbsar)
[2018.09.09-00.09.49:508][248]LogMaterial: Display: Missing cached shader map for material Carpet_Grey_MAT, compiling. 
[2018.09.09-00.09.49:535][248]LogShaderCompilers: Display: Shaders left to compile 22
[2018.09.09-00.09.49:535][248]LogShaderCompilers: Display: Shaders left to compile 12
[2018.09.09-00.09.49:535][248]LogShaderCompilers: Display: Shaders left to compile 2
[2018.09.09-00.10.12:106][815]LogSavePackage: Moving '../../../../../../Users/dscla/Documents/GitHub/DocsParadise/DocsParadise/Saved/fabric_carpet_grey461367C54A0498B42E41E287E2180C2F.tmp' to '../../../../../../Users/dscla/Documents/GitHub/DocsParadise/DocsParadise/Content/DEV_DC/MAT/SubstanceTex/GreyCarpet/fabric_carpet_grey.uasset'
[2018.09.09-00.10.12:128][815]LogSavePackage: Moving '../../../../../../Users/dscla/Documents/GitHub/DocsParadise/DocsParadise/Saved/Carpet_Grey_INST60E59832457E915E49A4DD83BA16E79E.tmp' to '../../../../../../Users/dscla/Documents/GitHub/DocsParadise/DocsParadise/Content/DEV_DC/MAT/SubstanceTex/GreyCarpet/Carpet_Grey_INST.uasset'
[2018.09.09-00.10.12:172][815]LogSavePackage: Moving '../../../../../../Users/dscla/Documents/GitHub/DocsParadise/DocsParadise/Saved/Carpet_Grey_INST_basecolor8F21068F41F6BE95B559A79378E377C7.tmp' to '../../../../../../Users/dscla/Documents/GitHub/DocsParadise/DocsParadise/Content/DEV_DC/MAT/SubstanceTex/GreyCarpet/Carpet_Grey_INST_basecolor.uasset'
[2018.09.09-00.10.12:206][815]LogSavePackage: Moving '../../../../../../Users/dscla/Documents/GitHub/DocsParadise/DocsParadise/Saved/Carpet_Grey_INST_metallic739F53824DB8EA36D54CF4ADD6E0D912.tmp' to '../../../../../../Users/dscla/Documents/GitHub/DocsParadise/DocsParadise/Content/DEV_DC/MAT/SubstanceTex/GreyCarpet/Carpet_Grey_INST_metallic.uasset'
[2018.09.09-00.10.12:253][815]LogSavePackage: Moving '../../../../../../Users/dscla/Documents/GitHub/DocsParadise/DocsParadise/Saved/Carpet_Grey_INST_normalCB8068C84AD5278FEB3ACAA3DC5A29E0.tmp' to '../../../../../../Users/dscla/Documents/GitHub/DocsParadise/DocsParadise/Content/DEV_DC/MAT/SubstanceTex/GreyCarpet/Carpet_Grey_INST_normal.uasset'
[2018.09.09-00.10.12:298][815]LogSavePackage: Moving '../../../../../../Users/dscla/Documents/GitHub/DocsParadise/DocsParadise/Saved/Carpet_Grey_INST_roughness3355563E4AA204E178E892A1EF1263DD.tmp' to '../../../../../../Users/dscla/Documents/GitHub/DocsParadise/DocsParadise/Content/DEV_DC/MAT/SubstanceTex/GreyCarpet/Carpet_Grey_INST_roughness.uasset'
[2018.09.09-00.10.12:334][815]LogSavePackage: Moving '../../../../../../Users/dscla/Documents/GitHub/DocsParadise/DocsParadise/Saved/Carpet_Grey_INST_specular0ED49F17486D4EAF7992998330F9A7C3.tmp' to '../../../../../../Users/dscla/Documents/GitHub/DocsParadise/DocsParadise/Content/DEV_DC/MAT/SubstanceTex/GreyCarpet/Carpet_Grey_INST_specular.uasset'
[2018.09.09-00.10.12:397][815]LogSavePackage: Moving '../../../../../../Users/dscla/Documents/GitHub/DocsParadise/DocsParadise/Saved/Carpet_Grey_MATD8C7E8EF48289662156E6AB745C47637.tmp' to '../../../../../../Users/dscla/Documents/GitHub/DocsParadise/DocsParadise/Content/DEV_DC/MAT/SubstanceTex/GreyCarpet/Carpet_Grey_MAT.uasset'
[2018.09.09-00.10.18:176][170]LogTexture: Display: Building textures: Texture2D_42 (BGRA8, 415X415)
[2018.09.09-00.10.18:548][195]LogTexture: Display: Building textures: Texture2D_43 (BGRA8, 415X415)
[2018.09.09-00.10.18:596][196]LogTexture: Display: Building textures: Texture2D_44 (BGRA8, 415X415)
[2018.09.09-00.10.18:629][196]LogTexture: Display: Building textures: Texture2D_45 (BGRA8, 415X415)
[2018.09.09-00.10.18:694][197]LogTexture: Display: Building textures: Texture2D_46 (BGRA8, 415X415)
[2018.09.09-00.10.18:723][197]LogTexture: Display: Building textures: Texture2D_47 (BGRA8, 415X415)
[2018.09.09-00.10.18:754][197]LogTexture: Display: Building textures: Texture2D_48 (BGRA8, 415X415)
[2018.09.09-00.10.18:802][197]LogTexture: Display: Building textures: Texture2D_49 (BGRA8, 415X415)
[2018.09.09-00.10.21:918][434]LogSubstanceSource: Refresh Login Successful
[2018.09.09-00.10.23:498][548]LogFactory: FactoryCreateFile: SubstanceInstanceFactory with ReimportSubstanceFactory (0 0 ../../../../../../Users/dscla/Documents/GitHub/DocsParadise/DocsParadise/Substance/concrete_shuttered_panels.sbsar)
[2018.09.09-00.10.24:970][548]LogMaterial: Display: Missing cached shader map for material Shuttered_Panels_MAT, compiling. 
[2018.09.09-00.10.24:995][548]LogShaderCompilers: Display: Shaders left to compile 22
[2018.09.09-00.10.24:995][548]LogShaderCompilers: Display: Shaders left to compile 12
[2018.09.09-00.10.24:995][548]LogShaderCompilers: Display: Shaders left to compile 2
[2018.09.09-00.10.46:920][991]LogSavePackage: Moving '../../../../../../Users/dscla/Documents/GitHub/DocsParadise/DocsParadise/Saved/Shuttered_Panels_MAT01B705984114C486CA25BA9A5D4AC2BB.tmp' to '../../../../../../Users/dscla/Documents/GitHub/DocsParadise/DocsParadise/Content/DEV_DC/MAT/SubstanceTex/ShutteredPanelsConcrete/Shuttered_Panels_MAT.uasset'
[2018.09.09-00.10.46:942][991]LogSavePackage: Moving '../../../../../../Users/dscla/Documents/GitHub/DocsParadise/DocsParadise/Saved/concrete_shuttered_panels9C832E864DA8CAF48CE9C48295EE1733.tmp' to '../../../../../../Users/dscla/Documents/GitHub/DocsParadise/DocsParadise/Content/DEV_DC/MAT/SubstanceTex/ShutteredPanelsConcrete/concrete_shuttered_panels.uasset'
[2018.09.09-00.10.46:962][991]LogSavePackage: Moving '../../../../../../Users/dscla/Documents/GitHub/DocsParadise/DocsParadise/Saved/Shuttered_Panels_INSTDDD9E95249EBD788E8E9CFA51075D9E3.tmp' to '../../../../../../Users/dscla/Documents/GitHub/DocsParadise/DocsParadise/Content/DEV_DC/MAT/SubstanceTex/ShutteredPanelsConcrete/Shuttered_Panels_INST.uasset'
[2018.09.09-00.10.47:007][991]LogSavePackage: Moving '../../../../../../Users/dscla/Documents/GitHub/DocsParadise/DocsParadise/Saved/Shuttered_Panels_INST_basecolorDD84BF924406CD24F1E39999B57E556D.tmp' to '../../../../../../Users/dscla/Documents/GitHub/DocsParadise/DocsParadise/Content/DEV_DC/MAT/SubstanceTex/ShutteredPanelsConcrete/Shuttered_Panels_INST_basecolor.uasset'
[2018.09.09-00.10.47:042][991]LogSavePackage: Moving '../../../../../../Users/dscla/Documents/GitHub/DocsParadise/DocsParadise/Saved/Shuttered_Panels_INST_metallic23B7CF59464C2755F2F42EA077133830.tmp' to '../../../../../../Users/dscla/Documents/GitHub/DocsParadise/DocsParadise/Content/DEV_DC/MAT/SubstanceTex/ShutteredPanelsConcrete/Shuttered_Panels_INST_metallic.uasset'
[2018.09.09-00.10.47:087][991]LogSavePackage: Moving '../../../../../../Users/dscla/Documents/GitHub/DocsParadise/DocsParadise/Saved/Shuttered_Panels_INST_normal00703F7348657B85F61094A528E0ECC6.tmp' to '../../../../../../Users/dscla/Documents/GitHub/DocsParadise/DocsParadise/Content/DEV_DC/MAT/SubstanceTex/ShutteredPanelsConcrete/Shuttered_Panels_INST_normal.uasset'
[2018.09.09-00.10.47:136][991]LogSavePackage: Moving '../../../../../../Users/dscla/Documents/GitHub/DocsParadise/DocsParadise/Saved/Shuttered_Panels_INST_roughness30605D5F438BF2B01F2E39B757F9C58D.tmp' to '../../../../../../Users/dscla/Documents/GitHub/DocsParadise/DocsParadise/Content/DEV_DC/MAT/SubstanceTex/ShutteredPanelsConcrete/Shuttered_Panels_INST_roughness.uasset'
[2018.09.09-00.10.47:174][991]LogSavePackage: Moving '../../../../../../Users/dscla/Documents/GitHub/DocsParadise/DocsParadise/Saved/Shuttered_Panels_INST_specularCAC55E5E47706C64A283D6B8BA553F7D.tmp' to '../../../../../../Users/dscla/Documents/GitHub/DocsParadise/DocsParadise/Content/DEV_DC/MAT/SubstanceTex/ShutteredPanelsConcrete/Shuttered_Panels_INST_specular.uasset'
[2018.09.09-00.10.49:065][ 52]LogTexture: Display: Building textures: Texture2D_50 (BGRA8, 415X415)
[2018.09.09-00.10.49:098][ 52]LogTexture: Display: Building textures: Texture2D_51 (BGRA8, 415X415)
[2018.09.09-00.10.49:216][ 58]LogTexture: Display: Building textures: Texture2D_52 (BGRA8, 415X415)
[2018.09.09-00.10.49:398][ 69]LogTexture: Display: Building textures: Texture2D_53 (BGRA8, 415X415)
[2018.09.09-00.10.54:333][445]LogSubstanceSource: Refresh Login Successful
[2018.09.09-00.10.55:365][514]LogFactory: FactoryCreateFile: SubstanceInstanceFactory with ReimportSubstanceFactory (0 0 ../../../../../../Users/dscla/Documents/GitHub/DocsParadise/DocsParadise/Substance/grass_patterned.sbsar)
[2018.09.09-00.10.56:001][514]LogMaterial: Display: Missing cached shader map for material Grass_Patterned_MAT, compiling. 
[2018.09.09-00.10.56:026][514]LogShaderCompilers: Display: Shaders left to compile 22
[2018.09.09-00.10.56:026][514]LogShaderCompilers: Display: Shaders left to compile 12
[2018.09.09-00.10.56:026][514]LogShaderCompilers: Display: Shaders left to compile 2
[2018.09.09-00.11.11:933][519]LogSavePackage: Moving '../../../../../../Users/dscla/Documents/GitHub/DocsParadise/DocsParadise/Saved/Grass_Patterned_MAT3254BC0D4DCAAA45A5E12FA05E166E69.tmp' to '../../../../../../Users/dscla/Documents/GitHub/DocsParadise/DocsParadise/Content/DEV_DC/MAT/SubstanceTex/GrassPatterned/Grass_Patterned_MAT.uasset'
[2018.09.09-00.11.11:953][519]LogSavePackage: Moving '../../../../../../Users/dscla/Documents/GitHub/DocsParadise/DocsParadise/Saved/grass_patternedFAB9021F47C84C28CDCF1D99697BCB6C.tmp' to '../../../../../../Users/dscla/Documents/GitHub/DocsParadise/DocsParadise/Content/DEV_DC/MAT/SubstanceTex/GrassPatterned/grass_patterned.uasset'
[2018.09.09-00.11.11:973][519]LogSavePackage: Moving '../../../../../../Users/dscla/Documents/GitHub/DocsParadise/DocsParadise/Saved/Grass_Patterned_INST72864EEC4F739D099752BCBD8F4F4306.tmp' to '../../../../../../Users/dscla/Documents/GitHub/DocsParadise/DocsParadise/Content/DEV_DC/MAT/SubstanceTex/GrassPatterned/Grass_Patterned_INST.uasset'
[2018.09.09-00.11.12:019][519]LogSavePackage: Moving '../../../../../../Users/dscla/Documents/GitHub/DocsParadise/DocsParadise/Saved/Grass_Patterned_INST_ambientoccl400745BC4D5E6B6627B7A0A3D9149FD7.tmp' to '../../../../../../Users/dscla/Documents/GitHub/DocsParadise/DocsParadise/Content/DEV_DC/MAT/SubstanceTex/GrassPatterned/Grass_Patterned_INST_ambientocclusion.uasset'
[2018.09.09-00.11.12:065][519]LogSavePackage: Moving '../../../../../../Users/dscla/Documents/GitHub/DocsParadise/DocsParadise/Saved/Grass_Patterned_INST_basecolorA09D919E40343825E280249DDBA9DF1F.tmp' to '../../../../../../Users/dscla/Documents/GitHub/DocsParadise/DocsParadise/Content/DEV_DC/MAT/SubstanceTex/GrassPatterned/Grass_Patterned_INST_basecolor.uasset'
[2018.09.09-00.11.12:098][519]LogSavePackage: Moving '../../../../../../Users/dscla/Documents/GitHub/DocsParadise/DocsParadise/Saved/Grass_Patterned_INST_metallicF382EF0F4BA74A1981EDCA9D9ADB8D37.tmp' to '../../../../../../Users/dscla/Documents/GitHub/DocsParadise/DocsParadise/Content/DEV_DC/MAT/SubstanceTex/GrassPatterned/Grass_Patterned_INST_metallic.uasset'
[2018.09.09-00.11.12:144][519]LogSavePackage: Moving '../../../../../../Users/dscla/Documents/GitHub/DocsParadise/DocsParadise/Saved/Grass_Patterned_INST_normal6E55E25A456722BB2A0FC18A3A753066.tmp' to '../../../../../../Users/dscla/Documents/GitHub/DocsParadise/DocsParadise/Content/DEV_DC/MAT/SubstanceTex/GrassPatterned/Grass_Patterned_INST_normal.uasset'
[2018.09.09-00.11.12:187][519]LogSavePackage: Moving '../../../../../../Users/dscla/Documents/GitHub/DocsParadise/DocsParadise/Saved/Grass_Patterned_INST_roughnessECF5C6194E4EACDF7C693786AB029C49.tmp' to '../../../../../../Users/dscla/Documents/GitHub/DocsParadise/DocsParadise/Content/DEV_DC/MAT/SubstanceTex/GrassPatterned/Grass_Patterned_INST_roughness.uasset'
[2018.09.09-00.11.12:226][519]LogSavePackage: Moving '../../../../../../Users/dscla/Documents/GitHub/DocsParadise/DocsParadise/Saved/Grass_Patterned_INST_specularE01C98534BFEAFDF5A1C9EA2495BC7DC.tmp' to '../../../../../../Users/dscla/Documents/GitHub/DocsParadise/DocsParadise/Content/DEV_DC/MAT/SubstanceTex/GrassPatterned/Grass_Patterned_INST_specular.uasset'
