Log file open, 09/08/18 08:12:59
LogWindows: Failed to load 'aqProf.dll' (GetLastError=126)
LogWindows: File 'aqProf.dll' does not exist
LogWindows: Failed to load 'VtuneApi.dll' (GetLastError=126)
LogWindows: File 'VtuneApi.dll' does not exist
LogWindows: Failed to load 'VtuneApi32e.dll' (GetLastError=126)
LogWindows: File 'VtuneApi32e.dll' does not exist
LogInit: Display: Running engine for game: WhyAmILikeThis
LogPlatformFile: Not using cached read wrapper
LogTaskGraph: Started task graph with 5 named threads and 47 total threads with 3 sets of task threads.
LogStats: Stats thread started at 0.618481
LogD3D11RHI: Loaded GFSDK_Aftermath_Lib.x64.dll
LogICUInternationalization: Display: ICU TimeZone Detection - Raw Offset: -10:00, Platform Override: ''
LogPluginManager: Mounting plugin Paper2D
LogPluginManager: Mounting plugin AISupport
LogPluginManager: Mounting plugin LightPropagationVolume
LogPluginManager: Mounting plugin CLionSourceCodeAccess
LogPluginManager: Mounting plugin CodeLiteSourceCodeAccess
LogPluginManager: Mounting plugin GitSourceControl
LogPluginManager: Mounting plugin KDevelopSourceCodeAccess
LogPluginManager: Mounting plugin NullSourceCodeAccess
LogPluginManager: Mounting plugin PerforceSourceControl
LogPluginManager: Mounting plugin SubversionSourceControl
LogPluginManager: Mounting plugin UObjectPlugin
LogPluginManager: Mounting plugin VisualStudioCodeSourceCodeAccess
LogPluginManager: Mounting plugin VisualStudioSourceCodeAccess
LogPluginManager: Mounting plugin XCodeSourceCodeAccess
LogPluginManager: Mounting plugin AssetManagerEditor
LogPluginManager: Mounting plugin CryptoKeys
LogPluginManager: Mounting plugin DataValidation
LogPluginManager: Mounting plugin EditorScriptingUtilities
LogPluginManager: Mounting plugin FacialAnimation
LogPluginManager: Mounting plugin GameplayTagsEditor
LogPluginManager: Mounting plugin MacGraphicsSwitching
LogPluginManager: Mounting plugin MeshEditor
LogPluginManager: Mounting plugin MobileLauncherProfileWizard
LogPluginManager: Mounting plugin PluginBrowser
LogPluginManager: Mounting plugin SpeedTreeImporter
LogPluginManager: Mounting plugin DatasmithContent
LogPluginManager: Mounting plugin AlembicImporter
LogPluginManager: Mounting plugin AppleImageUtils
LogPluginManager: Mounting plugin AppleVision
LogPluginManager: Mounting plugin BackChannel
LogPluginManager: Mounting plugin CharacterAI
LogPluginManager: Mounting plugin GeometryCache
LogPluginManager: Mounting plugin HTML5Networking
LogPluginManager: Mounting plugin ProxyLODPlugin
LogPluginManager: Mounting plugin MagicLeap
LogPluginManager: Mounting plugin MagicLeapEmulator
LogPluginManager: Mounting plugin MagicLeapMedia
LogPluginManager: Mounting plugin LowEntryExtStdLib
LogPluginManager: Mounting plugin Substance
LogPluginManager: Mounting plugin AndroidMedia
LogPluginManager: Mounting plugin AvfMedia
LogPluginManager: Mounting plugin ImgMedia
LogPluginManager: Mounting plugin LinearTimecode
LogPluginManager: Mounting plugin MediaCompositing
LogPluginManager: Mounting plugin MediaPlayerEditor
LogPluginManager: Mounting plugin WmfMedia
LogPluginManager: Mounting plugin TcpMessaging
LogPluginManager: Mounting plugin UdpMessaging
LogPluginManager: Mounting plugin ActorSequence
LogPluginManager: Mounting plugin LevelSequenceEditor
LogPluginManager: Mounting plugin MatineeToLevelSequence
LogPluginManager: Mounting plugin NetcodeUnitTest
LogPluginManager: Mounting plugin NUTUnrealEngine4
LogPluginManager: Mounting plugin OnlineSubsystemGooglePlay
LogPluginManager: Mounting plugin OnlineSubsystemIOS
LogPluginManager: Mounting plugin OnlineSubsystem
LogPluginManager: Mounting plugin OnlineSubsystemNull
LogPluginManager: Mounting plugin OnlineSubsystemUtils
LogPluginManager: Mounting plugin LauncherChunkInstaller
LogPluginManager: Mounting plugin AndroidDeviceProfileSelector
LogPluginManager: Mounting plugin AndroidMoviePlayer
LogPluginManager: Mounting plugin AndroidPermission
LogPluginManager: Mounting plugin AppleMoviePlayer
LogPluginManager: Mounting plugin ArchVisCharacter
LogPluginManager: Mounting plugin AudioCapture
LogPluginManager: Mounting plugin CableComponent
LogPluginManager: Mounting plugin CustomMeshComponent
LogPluginManager: Mounting plugin EditableMesh
LogPluginManager: Mounting plugin ExampleDeviceProfileSelector
LogPluginManager: Mounting plugin GoogleCloudMessaging
LogPluginManager: Mounting plugin ImmediatePhysics
LogPluginManager: Mounting plugin IOSDeviceProfileSelector
LogPluginManager: Mounting plugin LinuxDeviceProfileSelector
LogPluginManager: Mounting plugin LocationServicesBPLibrary
LogPluginManager: Mounting plugin MobilePatchingUtils
LogPluginManager: Mounting plugin OculusVR
LogPluginManager: Plugin shader directory ../../../Engine/Plugins/Runtime/Oculus/OculusVR/Shaders found
LogPluginManager: Mapping shader source directory ../../../Engine/Plugins/Runtime/Oculus/OculusVR/Shaders to virtual directory /Plugin/OculusVR
LogPluginManager: Mounting plugin PhysXVehicles
LogPluginManager: Mounting plugin ProceduralMeshComponent
LogPluginManager: Mounting plugin RuntimePhysXCooking
LogPluginManager: Mounting plugin SteamVR
LogPluginManager: Mounting plugin WindowsMoviePlayer
LogPluginManager: Mounting plugin DatasmithCADImporter
LogPluginManager: Mounting plugin DatasmithFBXImporter
LogPluginManager: Mounting plugin DatasmithImporter
LogPluginManager: Mounting plugin DatasmithMDLImporter
LogPluginManager: Mounting plugin StaticMeshEditorExtension
LogStreaming: Display: Took  0.238s to configure plugins.
LogInit: Using libcurl 7.55.1-DEV
LogInit:  - built for x86_64-pc-win32
LogInit:  - supports SSL with OpenSSL/1.0.2h
LogInit:  - supports HTTP deflate (compression) using libz 1.2.8
LogInit:  - other features:
LogInit:      CURL_VERSION_SSL
LogInit:      CURL_VERSION_LIBZ
LogInit:      CURL_VERSION_IPV6
LogInit:      CURL_VERSION_ASYNCHDNS
LogInit:      CURL_VERSION_LARGEFILE
LogInit:      CURL_VERSION_IDN
LogInit:  CurlRequestOptions (configurable via config and command line):
LogInit:  - bVerifyPeer = false  - Libcurl will NOT verify peer certificate
LogInit:  - bUseHttpProxy = false  - Libcurl will NOT use HTTP proxy
LogInit:  - bDontReuseConnections = false  - Libcurl will reuse connections
LogInit:  - CertBundlePath = nullptr  - Libcurl will use whatever was configured at build time.
LogInit:  - MaxHostConnections = 16  - Libcurl will limit the number of connections to a host
LogInit:  - LocalHostAddr = Default
LogInit:  - BufferSize = 65536
LogInit: WinSock: version 1.1 (2.2), MaxSocks=32767, MaxUdp=65467
LogInit: Build: ++UE4+Release-4.20-CL-4302132
LogInit: Engine Version: 4.20.2-4302132+++UE4+Release-4.20
LogInit: Compatible Engine Version: 4.20.0-4212847+++UE4+Release-4.20
LogInit: Net CL: 4212847
LogInit: OS: Windows 10 (), CPU: Intel(R) Core(TM) i7-5960X CPU @ 3.00GHz, GPU: NVIDIA GeForce GTX 1080
LogInit: Compiled (64-bit): Aug 21 2018 02:06:06
LogInit: Compiled with Visual C++: 19.13.26129.00
LogInit: Build Configuration: Development
LogInit: Branch Name: ++UE4+Release-4.20
LogInit: Command Line:  
LogInit: Base Directory: C:/Program Files/Epic Games/UE_4.20/Engine/Binaries/Win64/
LogInit: Installed Engine Build: 1
LogDevObjectVersion: Number of dev versions registered: 20
LogDevObjectVersion:   Dev-Blueprints (B0D832E4-1F89-4F0D-ACCF-7EB736FD4AA2): 10
LogDevObjectVersion:   Dev-Build (E1C64328-A22C-4D53-A36C-8E866417BD8C): 0
LogDevObjectVersion:   Dev-Core (375EC13C-06E4-48FB-B500-84F0262A717E): 2
LogDevObjectVersion:   Dev-Editor (E4B068ED-F494-42E9-A231-DA0B2E46BB41): 24
LogDevObjectVersion:   Dev-Framework (CFFC743F-43B0-4480-9391-14DF171D2073): 34
LogDevObjectVersion:   Dev-Mobile (B02B49B5-BB20-44E9-A304-32B752E40360): 2
LogDevObjectVersion:   Dev-Networking (A4E4105C-59A1-49B5-A7C5-40C4547EDFEE): 0
LogDevObjectVersion:   Dev-Online (39C831C9-5AE6-47DC-9A44-9C173E1C8E7C): 0
LogDevObjectVersion:   Dev-Physics (78F01B33-EBEA-4F98-B9B4-84EACCB95AA2): 0
LogDevObjectVersion:   Dev-Platform (6631380F-2D4D-43E0-8009-CF276956A95A): 0
LogDevObjectVersion:   Dev-Rendering (12F88B9F-8875-4AFC-A67C-D90C383ABD29): 26
LogDevObjectVersion:   Dev-Sequencer (7B5AE74C-D270-4C10-A958-57980B212A5A): 9
LogDevObjectVersion:   Dev-VR (D7296918-1DD6-4BDD-9DE2-64A83CC13884): 2
LogDevObjectVersion:   Dev-LoadTimes (C2A15278-BFE7-4AFE-6C17-90FF531DF755): 1
LogDevObjectVersion:   Private-Geometry (6EACA3D4-40EC-4CC1-B786-8BED09428FC5): 3
LogDevObjectVersion:   Dev-AnimPhys (29E575DD-E0A3-4627-9D10-D276232CDCEA): 17
LogDevObjectVersion:   Dev-ReflectionCapture (6B266CEC-1EC7-4B8F-A30B-E4D90942FC07): 1
LogDevObjectVersion:   Dev-Automation (0DF73D61-A23F-47EA-B727-89E90C41499A): 1
LogDevObjectVersion:   FortniteMain (601D1886-AC64-4F84-AA16-D3DE0DEAC7D6): 12
LogDevObjectVersion:   Dev-Enterprise (9DFFBCD6-494F-0158-E221-12823C92A888): 1
LogStreaming: Display: Took  0.001s to delete old logs.
LogInit: Presizing for max 8388607 objects, including 0 objects not considered by GC, pre-allocating 0 bytes for permanent pool.
LogInit: Object subsystem initialized
[2018.09.08-18.12.59:597][  0]LogInit: Selected Device Profile: [Windows]
[2018.09.08-18.12.59:597][  0]LogInit: Applying CVar settings loaded from the selected device profile: [Windows]
[2018.09.08-18.12.59:620][  0]LogHAL: Display: Platform has ~ 16 GB [17087967232 / 17179869184 / 16], which maps to Larger [LargestMinGB=32, LargerMinGB=12, DefaultMinGB=8, SmallerMinGB=6, SmallestMinGB=0)
[2018.09.08-18.12.59:620][  0]LogInit: Setting Device Profile CVar: [[r.Vulkan.UseRealUBs:1]]
[2018.09.08-18.12.59:620][  0]LogInit: Going up to parent DeviceProfile []
[2018.09.08-18.12.59:621][  0]LogInit: Computer: DESKTOP-KEAN65B
[2018.09.08-18.12.59:621][  0]LogInit: User: dscla
[2018.09.08-18.12.59:621][  0]LogInit: CPU Page size=4096, Cores=8
[2018.09.08-18.12.59:621][  0]LogInit: High frequency timer resolution =2.927994 MHz
[2018.09.08-18.12.59:621][  0]LogMemory: Memory total: Physical=15.9GB (16GB approx)
[2018.09.08-18.12.59:621][  0]LogMemory: Platform Memory Stats for Windows
[2018.09.08-18.12.59:621][  0]LogMemory: Process Physical Memory: 101.77 MB used, 101.77 MB peak
[2018.09.08-18.12.59:621][  0]LogMemory: Process Virtual Memory: 91.32 MB used, 91.32 MB peak
[2018.09.08-18.12.59:621][  0]LogMemory: Physical Memory: 12250.70 MB used,  4045.65 MB free, 16296.36 MB total
[2018.09.08-18.12.59:621][  0]LogMemory: Virtual Memory: 4678.45 MB used,  4045.65 MB free, 134217728.00 MB total
[2018.09.08-18.12.59:659][  0]LogInit: Using OS detected language (en-US).
[2018.09.08-18.12.59:659][  0]LogInit: Using OS detected locale (en-US).
[2018.09.08-18.12.59:661][  0]LogTextLocalizationManager: No specific localization for 'en-US' exists, so the 'en' localization will be used.
[2018.09.08-18.13.00:172][  0]LogStreaming: Display: Took  0.513s to InitEngineTextLocalization.
[2018.09.08-18.13.00:172][  0]LogInit: Setting process to per monitor DPI aware
[2018.09.08-18.13.00:236][  0]LogSlate: New Slate User Created.  User Index 0, Is Virtual User: 0
[2018.09.08-18.13.00:236][  0]LogSlate: Slate User Registered.  User Index 0, Is Virtual User: 0
[2018.09.08-18.13.00:566][  0]LogHMD: Failed to initialize OpenVR with code 110
[2018.09.08-18.13.00:566][  0]LogD3D11RHI: D3D11 adapters:
[2018.09.08-18.13.00:663][  0]LogD3D11RHI:    0. 'NVIDIA GeForce GTX 1080' (Feature Level 11_0)
[2018.09.08-18.13.00:663][  0]LogD3D11RHI:       8079/0/8148 MB DedicatedVideo/DedicatedSystem/SharedSystem, Outputs:2, VendorId:0x10de
[2018.09.08-18.13.00:667][  0]LogD3D11RHI:    1. 'Microsoft Basic Render Driver' (Feature Level 11_0)
[2018.09.08-18.13.00:667][  0]LogD3D11RHI:       0/0/8148 MB DedicatedVideo/DedicatedSystem/SharedSystem, Outputs:0, VendorId:0x1414
[2018.09.08-18.13.00:667][  0]LogD3D11RHI: Chosen D3D11 Adapter: 0
[2018.09.08-18.13.00:685][  0]LogD3D11RHI: Creating new Direct3DDevice
[2018.09.08-18.13.00:685][  0]LogD3D11RHI:     GPU DeviceId: 0x1b80 (for the marketing name, search the web for "GPU Device Id")
[2018.09.08-18.13.00:685][  0]LogWindows: EnumDisplayDevices:
[2018.09.08-18.13.00:685][  0]LogWindows:    0. 'NVIDIA GeForce GTX 1080' (P:0 D:1)
[2018.09.08-18.13.00:686][  0]LogWindows:    1. 'NVIDIA GeForce GTX 1080' (P:1 D:1)
[2018.09.08-18.13.00:686][  0]LogWindows:    2. 'NVIDIA GeForce GTX 1080' (P:0 D:0)
[2018.09.08-18.13.00:687][  0]LogWindows:    3. 'NVIDIA GeForce GTX 1080' (P:0 D:0)
[2018.09.08-18.13.00:687][  0]LogWindows: DebugString: FoundDriverCount:4 
[2018.09.08-18.13.00:687][  0]LogD3D11RHI:     Adapter Name: NVIDIA GeForce GTX 1080
[2018.09.08-18.13.00:687][  0]LogD3D11RHI:   Driver Version: 399.07 (internal:24.21.13.9907, unified:399.07)
[2018.09.08-18.13.00:687][  0]LogD3D11RHI:      Driver Date: 8-21-2018
[2018.09.08-18.13.00:687][  0]LogRHI: Texture pool is 5655 MB (70% of 8079 MB)
[2018.09.08-18.13.00:759][  0]LogD3D11RHI: Async texture creation enabled
[2018.09.08-18.13.00:779][  0]LogD3D11RHI: GPU Timing Frequency: 1000.000000 (Debug: 2 2)
[2018.09.08-18.13.00:874][  0]LogShaderCompilers: Guid format shader working directory is -44 characters bigger than the processId version (../../../../../../Users/dscla/Documents/GitHub/DocsParadise/WhyAmILikeThis/WhyAmILikeThis/Intermediate/Shaders/WorkingDirectory/30108/).
[2018.09.08-18.13.00:875][  0]LogShaderCompilers: Cleaned the shader compiler working directory 'C:/Users/dscla/AppData/Local/Temp/UnrealShaderWorkingDir/3C17EB024BA86F1B95A90B839AF1647E/'.
[2018.09.08-18.13.01:313][  0]LogTemp: Display: Loaded TP AllDesktopTargetPlatform
[2018.09.08-18.13.01:336][  0]LogTemp: Display: Loaded TP MacClientTargetPlatform
[2018.09.08-18.13.01:360][  0]LogTemp: Display: Loaded TP MacNoEditorTargetPlatform
[2018.09.08-18.13.01:384][  0]LogTemp: Display: Loaded TP MacServerTargetPlatform
[2018.09.08-18.13.01:409][  0]LogTemp: Display: Loaded TP MacTargetPlatform
[2018.09.08-18.13.01:433][  0]LogTemp: Display: Loaded TP WindowsClientTargetPlatform
[2018.09.08-18.13.01:457][  0]LogTemp: Display: Loaded TP WindowsNoEditorTargetPlatform
[2018.09.08-18.13.01:482][  0]LogTemp: Display: Loaded TP WindowsServerTargetPlatform
[2018.09.08-18.13.01:495][  0]LogTemp: Display: Loaded TP WindowsTargetPlatform
[2018.09.08-18.13.01:634][  0]LogTemp: Display: Loaded TP AndroidTargetPlatform
[2018.09.08-18.13.01:634][  0]LogTemp: Display: Loaded TP AndroidTargetPlatform
[2018.09.08-18.13.01:634][  0]LogTemp: Display: Loaded TP AndroidTargetPlatform
[2018.09.08-18.13.01:634][  0]LogTemp: Display: Loaded TP AndroidTargetPlatform
[2018.09.08-18.13.01:634][  0]LogTemp: Display: Loaded TP AndroidTargetPlatform
[2018.09.08-18.13.01:634][  0]LogTemp: Display: Loaded TP AndroidTargetPlatform
[2018.09.08-18.13.01:634][  0]LogTemp: Display: Loaded TP AndroidTargetPlatform
[2018.09.08-18.13.01:634][  0]LogTemp: Display: Loaded TP AndroidTargetPlatform
[2018.09.08-18.13.01:634][  0]LogTemp: Display: Loaded TP AndroidTargetPlatform
[2018.09.08-18.13.01:634][  0]LogTemp: Display: Loaded TP AndroidTargetPlatform
[2018.09.08-18.13.01:634][  0]LogTemp: Display: Loaded TP AndroidTargetPlatform
[2018.09.08-18.13.01:634][  0]LogTemp: Display: Loaded TP AndroidTargetPlatform
[2018.09.08-18.13.01:634][  0]LogTemp: Display: Loaded TP AndroidTargetPlatform
[2018.09.08-18.13.01:634][  0]LogTemp: Display: Loaded TP AndroidTargetPlatform
[2018.09.08-18.13.01:634][  0]LogTemp: Display: Loaded TP AndroidTargetPlatform
[2018.09.08-18.13.01:635][  0]LogTemp: Display: Loaded TP AndroidTargetPlatform
[2018.09.08-18.13.01:635][  0]LogTemp: Display: Loaded TP AndroidTargetPlatform
[2018.09.08-18.13.01:635][  0]LogTemp: Display: Loaded TP AndroidTargetPlatform
[2018.09.08-18.13.01:637][  0]LogTemp: Display: Loaded TP HTML5TargetPlatform
[2018.09.08-18.13.01:717][  0]LogTemp: Display: Loaded TP IOSTargetPlatform
[2018.09.08-18.13.01:717][  0]LogTemp: Display: Loaded TP IOSTargetPlatform
[2018.09.08-18.13.01:758][  0]LogTemp: Display: Loaded TP TVOSTargetPlatform
[2018.09.08-18.13.01:758][  0]LogTemp: Display: Loaded TP TVOSTargetPlatform
[2018.09.08-18.13.01:779][  0]LogTemp: Display: Loaded TP LinuxClientTargetPlatform
[2018.09.08-18.13.01:801][  0]LogTemp: Display: Loaded TP LinuxNoEditorTargetPlatform
[2018.09.08-18.13.01:821][  0]LogTemp: Display: Loaded TP LinuxServerTargetPlatform
[2018.09.08-18.13.01:845][  0]LogTemp: Display: Loaded TP LinuxTargetPlatform
[2018.09.08-18.13.01:862][  0]LogTemp: Display: Loaded TP LuminTargetPlatform
[2018.09.08-18.13.01:862][  0]LogTargetPlatformManager: Display: Building Assets For Windows
[2018.09.08-18.13.02:003][  0]LogXGEController: Cleaning working directory: C:/Users/dscla/AppData/Local/Temp/UnrealXGEWorkingDir/
[2018.09.08-18.13.02:004][  0]LogXGEController: Cannot use XGE Controller as Incredibuild is not installed on this machine.
[2018.09.08-18.13.02:004][  0]LogShaderCompilers: Cannot use XGE Shader Compiler as Incredibuild is not installed on this machine.
[2018.09.08-18.13.02:004][  0]LogShaderCompilers: Display: Using Local Shader Compiler.
[2018.09.08-18.13.03:262][  0]LogDerivedDataCache: Display: Max Cache Size: 512 MB
[2018.09.08-18.13.03:406][  0]LogDerivedDataCache: Loaded boot cache 0.14s 72MB C:/Users/dscla/AppData/Local/UnrealEngine/4.20/DerivedDataCache/Boot.ddc.
[2018.09.08-18.13.03:406][  0]LogDerivedDataCache: Display: Loaded Boot cache: C:/Users/dscla/AppData/Local/UnrealEngine/4.20/DerivedDataCache/Boot.ddc
[2018.09.08-18.13.03:406][  0]LogDerivedDataCache: FDerivedDataBackendGraph:  Pak pak cache file ../../../../../../Users/dscla/Documents/GitHub/DocsParadise/WhyAmILikeThis/WhyAmILikeThis/DerivedDataCache/DDC.ddp not found, will not use a pak cache.
[2018.09.08-18.13.03:406][  0]LogDerivedDataCache: Unable to find inner node Pak for hierarchical cache Hierarchy.
[2018.09.08-18.13.03:406][  0]LogDerivedDataCache: FDerivedDataBackendGraph:  CompressedPak pak cache file ../../../../../../Users/dscla/Documents/GitHub/DocsParadise/WhyAmILikeThis/WhyAmILikeThis/DerivedDataCache/Compressed.ddp not found, will not use a pak cache.
[2018.09.08-18.13.03:406][  0]LogDerivedDataCache: Unable to find inner node CompressedPak for hierarchical cache Hierarchy.
[2018.09.08-18.13.03:424][  0]LogDerivedDataCache: Display: Pak cache opened for reading ../../../Engine/DerivedDataCache/Compressed.ddp.
[2018.09.08-18.13.03:438][  0]LogDerivedDataCache: Using Local data cache path C:/Users/dscla/AppData/Local/UnrealEngine/Common/DerivedDataCache: Writable
[2018.09.08-18.13.03:438][  0]LogDerivedDataCache: Shared data cache path not found in *engine.ini, will not use an Shared cache.
[2018.09.08-18.13.03:438][  0]LogDerivedDataCache: Unable to find inner node Shared for hierarchical cache Hierarchy.
[2018.09.08-18.13.03:470][  0]LogMaterial: Verifying Global Shaders for PCD3D_SM5
[2018.09.08-18.13.03:473][  0]LogSlate: Using FreeType 2.6.0
[2018.09.08-18.13.03:474][  0]LogSlate: SlateFontServices - WITH_FREETYPE: 1, WITH_HARFBUZZ: 1
[2018.09.08-18.13.03:578][  0]LogAssetRegistry: FAssetRegistry took 0.0305 seconds to start up
[2018.09.08-18.13.04:139][  0]LogInit: Selected Device Profile: [Windows]
[2018.09.08-18.13.04:366][  0]LogSimplygon: Simplygon DLL not present - disabling.
[2018.09.08-18.13.04:374][  0]LogMeshReduction: Using SimplygonSwarm for distributed automatic mesh merging
[2018.09.08-18.13.04:374][  0]LogMeshReduction: Using ProxyLODMeshReduction for automatic mesh merging
[2018.09.08-18.13.04:374][  0]LogMeshReduction: Using QuadricMeshReduction for automatic static mesh reduction
[2018.09.08-18.13.04:374][  0]LogMeshReduction: No automatic skeletal mesh reduction module available
[2018.09.08-18.13.04:407][  0]LogNetVersion: WhyAmILikeThis 1.0.0, NetCL: 4212847, EngineNetVer: 5, GameNetVer: 0 (Checksum: 3069891466)
[2018.09.08-18.13.05:384][  0]LogPackageLocalizationCache: Processed 14 localized package path(s) for 2 prioritized culture(s) in 0.255460 seconds
[2018.09.08-18.13.05:398][  0]LogUObjectArray: 38425 objects as part of root set at end of initial load.
[2018.09.08-18.13.05:398][  0]LogUObjectAllocator: 6690864 out of 0 bytes used by permanent object pool.
[2018.09.08-18.13.05:398][  0]LogUObjectArray: CloseDisregardForGC: 0/0 objects in disregard for GC pool
[2018.09.08-18.13.07:239][  0]LogSubstanceCoreModule: Substance [CPU] Engine Loaded, Max Texture Size = 2048
[2018.09.08-18.13.07:246][  0]LogTcpMessaging: Initializing TcpMessaging bridge
[2018.09.08-18.13.07:263][  0]LogUdpMessaging: Initializing bridge on interface 0.0.0.0:0 to multicast group 230.0.0.1:6666.
[2018.09.08-18.13.07:482][  0]SourceControl: Source control is disabled
[2018.09.08-18.13.07:482][  0]SourceControl: Source control is disabled
[2018.09.08-18.13.07:485][  0]SourceControl: Source control is disabled
[2018.09.08-18.13.07:487][  0]SourceControl: Source control is disabled
[2018.09.08-18.13.07:738][  0]LogAndroidPermission: UAndroidPermissionCallbackProxy::GetInstance
[2018.09.08-18.13.08:102][  0]LogOcInput: OculusInput pre-init called
[2018.09.08-18.13.11:321][  0]LogEngine: Initializing Engine...
[2018.09.08-18.13.11:322][  0]LogHMD: Failed to initialize OpenVR with code 110
[2018.09.08-18.13.11:324][  0]LogStats: UGameplayTagsManager::ConstructGameplayTagTree: ImportINI prefixes -  0.000 s
[2018.09.08-18.13.11:324][  0]LogStats: UGameplayTagsManager::ConstructGameplayTagTree: Construct from data asset -  0.000 s
[2018.09.08-18.13.11:324][  0]LogStats: UGameplayTagsManager::ConstructGameplayTagTree: ImportINI -  0.000 s
[2018.09.08-18.13.11:324][  0]LogStats: UGameplayTagsManager::ConstructGameplayTagTree: GameplayTagTreeChangedEvent.Broadcast -  0.000 s
[2018.09.08-18.13.11:652][  0]LogInit: Initializing FReadOnlyCVARCache
[2018.09.08-18.13.11:683][  0]LogAIModule: Creating AISystem for world Untitled
[2018.09.08-18.13.11:918][  0]LogInit: XAudio2 using 'Speakers (High Definition Audio Device)' : 2 channels at 48 kHz using 16 bits per sample (channel mask 0x3)
[2018.09.08-18.13.11:942][  0]LogInit: FAudioDevice initialized.
[2018.09.08-18.13.11:943][  0]LogNetVersion: Set ProjectVersion to 1.0.0.0. Version Checksum will be recalculated on next use.
[2018.09.08-18.13.12:158][  0]LogDerivedDataCache: Saved boot cache 0.22s 72MB C:/Users/dscla/AppData/Local/UnrealEngine/4.20/DerivedDataCache/Boot.ddc.
[2018.09.08-18.13.12:165][  0]LogInit: Texture streaming: Enabled
[2018.09.08-18.13.12:201][  0]LogEngineSessionManager: EngineSessionManager initialized
[2018.09.08-18.13.12:237][  0]LogInit: Transaction tracking system initialized
[2018.09.08-18.13.12:301][  0]BlueprintLog: New page: Editor Load
[2018.09.08-18.13.12:472][  0]LocalizationService: Localization service is disabled
[2018.09.08-18.13.12:591][  0]LogLinker: Warning: Can't find file '/Game/FirstPersonBP/FirstPersonOverview'
[2018.09.08-18.13.12:591][  0]LogLinker: Warning: Can't find file '/Game/FirstPersonBP/FirstPersonOverview'
[2018.09.08-18.13.12:591][  0]LogUObjectGlobals: Warning: Failed to find object 'Class /Game/FirstPersonBP/FirstPersonOverview.FirstPersonOverview_C'
[2018.09.08-18.13.12:901][  0]LogCook: Display: Max memory allowance for cook 16384mb min free memory 0mb
[2018.09.08-18.13.12:901][  0]LogCook: Display: Mobile HDR setting 1
[2018.09.08-18.13.12:901][  0]LogGameplayTags: Display: UGameplayTagsManager::DoneAddingNativeTags. DelegateIsBound: 0
[2018.09.08-18.13.12:901][  0]LogStats: UGameplayTagsManager::ConstructGameplayTagTree: ImportINI prefixes -  0.000 s
[2018.09.08-18.13.12:901][  0]LogStats: UGameplayTagsManager::ConstructGameplayTagTree: Construct from data asset -  0.000 s
[2018.09.08-18.13.12:902][  0]LogStats: UGameplayTagsManager::ConstructGameplayTagTree: ImportINI -  0.000 s
[2018.09.08-18.13.12:902][  0]LogStats: UGameplayTagsManager::ConstructGameplayTagTree: GameplayTagTreeChangedEvent.Broadcast -  0.000 s
[2018.09.08-18.13.13:113][  0]LogFileCache: Scanning file cache for directory 'C:/Users/dscla/Documents/GitHub/DocsParadise/WhyAmILikeThis/WhyAmILikeThis/Content/' took 0.02s
[2018.09.08-18.13.15:197][  0]SourceControl: Source control is disabled
[2018.09.08-18.13.15:199][  0]LightingResults: New page: Lighting Build
[2018.09.08-18.13.15:204][  0]MapCheck: New page: Map Check
[2018.09.08-18.13.15:205][  0]LightingResults: New page: Lighting Build
[2018.09.08-18.13.16:076][  0]LogAIModule: Creating AISystem for world ThirdPersonExampleMap
[2018.09.08-18.13.16:093][  0]LogEditorServer: Finished looking for orphan Actors (0.000 secs)
[2018.09.08-18.13.16:178][  0]Cmd: MAP CHECKDEP NOCLEARLOG
[2018.09.08-18.13.16:345][  0]MapCheck: Map check complete: 0 Error(s), 0 Warning(s), took 166.555ms to complete.
[2018.09.08-18.13.16:345][  0]LogFileHelpers: Loading map 'ThirdPersonExampleMap' took 1.147
[2018.09.08-18.13.16:480][  0]LogSlate: Updating window title bar state: overlay mode, drag disabled, window buttons hidden, title bar hidden
[2018.09.08-18.13.16:491][  0]LogSlate: Updating window title bar state: overlay mode, drag disabled, window buttons hidden, title bar hidden
[2018.09.08-18.13.16:502][  0]LogSlate: Updating window title bar state: overlay mode, drag disabled, window buttons hidden, title bar hidden
[2018.09.08-18.13.16:514][  0]LogSlate: Updating window title bar state: overlay mode, drag disabled, window buttons hidden, title bar hidden
[2018.09.08-18.13.16:527][  0]LogCollectionManager: Loaded 0 collections in 0.004342 seconds
[2018.09.08-18.13.16:584][  0]LogFileCache: Scanning file cache for directory 'C:/Users/dscla/Documents/GitHub/DocsParadise/WhyAmILikeThis/WhyAmILikeThis/Saved/Collections/' took 0.01s
[2018.09.08-18.13.16:584][  0]LogFileCache: Scanning file cache for directory 'C:/Users/dscla/Documents/GitHub/DocsParadise/WhyAmILikeThis/WhyAmILikeThis/Content/Developers/dscla/Collections/' took 0.01s
[2018.09.08-18.13.16:584][  0]LogFileCache: Scanning file cache for directory 'C:/Users/dscla/Documents/GitHub/DocsParadise/WhyAmILikeThis/WhyAmILikeThis/Content/Collections/' took 0.01s
[2018.09.08-18.13.16:584][  0]LogCollectionManager: Rebuilt the GUID cache for 0 collections in 0.000000 seconds
[2018.09.08-18.13.16:601][  0]LogContentBrowser: Native class hierarchy populated in 0.0178 seconds. Added 2660 classes and 644 folders.
[2018.09.08-18.13.16:618][  0]LogContentBrowser: Native class hierarchy updated for 'WidgetCarousel' in 0.0005 seconds. Added 0 classes and 0 folders.
[2018.09.08-18.13.16:713][  0]LogContentBrowser: Native class hierarchy updated for 'AddContentDialog' in 0.0004 seconds. Added 0 classes and 0 folders.
[2018.09.08-18.13.16:723][  0]LogContentBrowser: Native class hierarchy updated for 'SceneOutliner' in 0.0004 seconds. Added 1 classes and 2 folders.
[2018.09.08-18.13.16:739][  0]LogContentBrowser: Native class hierarchy updated for 'WorldBrowser' in 0.0004 seconds. Added 2 classes and 3 folders.
[2018.09.08-18.13.16:850][  0]LogSlate: Took 0.000350 seconds to synchronously load lazily loaded font '../../../Engine/Content/Slate/Fonts/Roboto-Regular.ttf' (155K)
[2018.09.08-18.13.16:855][  0]LogSlate: Took 0.000288 seconds to synchronously load lazily loaded font '../../../Engine/Content/Slate/Fonts/Roboto-Bold.ttf' (160K)
[2018.09.08-18.13.16:861][  0]LogSlate: Took 0.000418 seconds to synchronously load lazily loaded font '../../../Engine/Content/Editor/Slate/Fonts/FontAwesome.ttf' (139K)
[2018.09.08-18.13.16:980][  0]LogRenderer: Reallocating scene render targets to support 1420x784 Format 10 NumSamples 1 (Frame:1).
[2018.09.08-18.13.17:191][  0]LogContentBrowser: Native class hierarchy updated for 'HierarchicalLODOutliner' in 0.0005 seconds. Added 0 classes and 0 folders.
[2018.09.08-18.13.17:191][  0]LogLoad: (Engine Initialization) Total time: 21.41 seconds
[2018.09.08-18.13.17:191][  0]LogLoad: (Engine Initialization) Total Blueprint compile time: 0.00 seconds
[2018.09.08-18.13.17:233][  0]LogContentStreaming: Texture pool size now 1000 MB
[2018.09.08-18.13.17:262][  1]LogSubstanceLiveLink: Warning: Unable to send data along socket, closing connection
[2018.09.08-18.13.17:324][  2]LogAssetRegistry: Asset discovery search completed in 13.7699 seconds
[2018.09.08-18.13.17:328][  2]LogCollectionManager: Rebuilt the object cache for 0 collections in 0.000000 seconds (found 0 objects)
[2018.09.08-18.13.17:328][  2]LogCollectionManager: Fixed up redirectors for 0 collections in 0.000106 seconds (updated 0 objects)
[2018.09.08-18.13.53:956][219]LogEditorViewport: Clicking on Actor (LMB): LightmassImportanceVolume (LightmassImportanceVolume)
[2018.09.08-18.15.25:227][ 50]LogSlate: FSceneViewport::OnFocusLost() reason 0
